91058 valid sequences out of 91143 
64 sites
Effective number of samples: 36732.3	(80% identical neighborhood = 1.000 samples)
iter	time	cond	fx	-loglk	||h||	||e||
1	16.6	1279.43	4046991.1	4046833.8	75.7	1.0
2	25.1	2746.00	3866053.1	3858890.1	75.6	8.4
3	33.5	1987.32	3714722.4	3700595.9	75.6	11.9
4	42.1	794.00	3640291.7	3627195.6	75.6	11.4
5	50.6	592.94	3618573.1	3605431.8	75.6	11.4
6	59.1	637.07	3597164.7	3582531.6	75.6	12.1
7	67.6	921.32	3542405.8	3518590.7	75.6	15.4
8	84.6	853.79	3522147.3	3492433.2	75.6	17.2
9	93.2	498.32	3504219.4	3469754.8	75.5	18.5
10	101.8	422.30	3486274.4	3445884.8	75.5	20.1
11	110.4	595.36	3467788.0	3420848.5	75.5	21.7
12	119.1	757.31	3450190.0	3391863.9	75.5	24.1
13	127.7	391.31	3435183.6	3375532.9	75.5	24.4
14	136.3	344.06	3426239.8	3367977.6	75.5	24.1
15	145.0	382.66	3416722.1	3359100.6	75.5	24.0
16	153.6	612.38	3403686.6	3343431.5	75.5	24.5
17	162.3	343.03	3391567.8	3327458.7	75.5	25.3
18	170.9	284.77	3384094.6	3317342.2	75.5	25.8
19	179.5	394.15	3374277.4	3300788.1	75.5	27.1
20	188.2	714.13	3372081.2	3291692.8	75.5	28.3
21	196.8	287.44	3364422.1	3285363.1	75.5	28.1
22	205.5	203.87	3359545.1	3279537.8	75.5	28.3
23	214.1	282.83	3353937.1	3270593.6	75.5	28.9
24	222.6	333.70	3346806.3	3257196.1	75.5	29.9
25	239.6	338.51	3342738.6	3248137.7	75.5	30.7
26	248.1	180.60	3338630.1	3240011.0	75.5	31.4
27	256.6	204.31	3335430.8	3233923.9	75.5	31.9
28	265.1	258.10	3331965.5	3226657.5	75.5	32.4
29	273.6	256.79	3328292.8	3217908.3	75.5	33.2
30	282.1	159.10	3325151.2	3213491.1	75.5	33.4
31	290.7	174.83	3321782.5	3208000.7	75.5	33.7
32	299.2	219.50	3319554.3	3203151.9	75.5	34.1
33	307.7	152.57	3317103.6	3197348.5	75.5	34.6
34	316.2	150.73	3315213.7	3192608.2	75.5	35.0
35	324.7	149.98	3313597.2	3187848.2	75.5	35.5
36	333.2	134.86	3312261.8	3184603.8	75.5	35.7
37	341.8	112.63	3310632.2	3179457.5	75.5	36.2
38	350.3	169.15	3309741.1	3176224.8	75.5	36.5
39	358.8	102.45	3308787.3	3174117.6	75.5	36.7
40	367.3	93.26	3307675.5	3170874.2	75.5	37.0
41	375.8	110.18	3306773.1	3167841.5	75.5	37.3
42	384.3	158.14	3305812.3	3162364.2	75.5	37.9
43	392.8	95.92	3304988.6	3161638.3	75.5	37.9
44	401.4	93.77	3304461.0	3161592.5	75.5	37.8
45	409.9	113.59	3303602.3	3160549.0	75.5	37.8
46	426.9	133.08	3303075.8	3159134.4	75.5	37.9
47	435.5	82.85	3302498.7	3157689.5	75.5	38.0
48	444.1	66.28	3301898.1	3156187.6	75.5	38.2
49	452.7	109.12	3301424.9	3155094.4	75.5	38.2
50	461.2	72.96	3300913.9	3154407.4	75.5	38.3
51	469.7	61.40	3300493.9	3154367.2	75.5	38.2
52	478.2	82.19	3300132.7	3154826.5	75.5	38.1
53	486.7	71.18	3299739.0	3155038.5	75.5	38.0
54	495.2	75.23	3299216.4	3155239.9	75.5	37.9
55	503.8	135.24	3299038.9	3155717.6	75.5	37.9
56	512.3	49.73	3298716.7	3155195.0	75.5	37.9
57	520.8	40.35	3298582.5	3154967.8	75.5	37.9
58	529.3	45.66	3298416.8	3154857.8	75.5	37.9
59	538.0	56.61	3298176.5	3154860.6	75.5	37.8
60	555.2	65.70	3298013.2	3154955.7	75.5	37.8
61	563.8	36.79	3297841.2	3155064.9	75.5	37.8
62	572.5	33.16	3297692.9	3155164.5	75.5	37.7
63	581.1	50.68	3297568.1	3155293.3	75.5	37.7
64	589.7	40.85	3297461.3	3155354.4	75.5	37.7
65	598.3	30.71	3297378.9	3155263.8	75.5	37.7
66	607.0	36.39	3297272.3	3155162.9	75.5	37.7
67	615.6	34.70	3297194.9	3155138.5	75.5	37.7
68	624.2	32.24	3297098.7	3155141.1	75.5	37.7
69	632.9	75.75	3297062.0	3155258.5	75.5	37.6
70	641.5	21.66	3296957.2	3155169.2	75.5	37.6
71	650.1	18.06	3296929.0	3155131.1	75.5	37.6
72	658.7	23.53	3296873.8	3155079.7	75.5	37.6
73	667.2	53.05	3296833.1	3155027.5	75.5	37.6
74	675.7	27.31	3296769.0	3154966.6	75.5	37.6
75	684.3	20.20	3296707.8	3154898.0	75.5	37.7
76	692.8	21.30	3296666.2	3154831.0	75.5	37.7
77	701.3	60.82	3296646.6	3154712.3	75.5	37.7
78	709.9	18.46	3296583.0	3154622.9	75.5	37.7
79	718.4	15.57	3296560.8	3154572.5	75.5	37.7
80	726.9	20.59	3296527.9	3154458.8	75.5	37.7
81	735.5	36.41	3296486.8	3154258.7	75.5	37.7
82	744.0	19.68	3296441.1	3154029.8	75.5	37.7
83	752.5	13.79	3296413.2	3153912.6	75.5	37.7
84	761.0	19.25	3296382.5	3153741.2	75.5	37.8
85	769.6	28.49	3296363.1	3153537.9	75.5	37.8
86	778.1	17.62	3296338.1	3153450.7	75.5	37.8
87	786.6	16.40	3296304.3	3153258.0	75.5	37.8
88	795.1	20.46	3296281.2	3153075.3	75.5	37.8
89	803.7	27.44	3296246.2	3152621.5	75.5	37.9
90	812.2	17.55	3296215.9	3152447.2	75.5	37.9
91	820.7	17.04	3296192.5	3152316.5	75.5	37.9
92	829.3	19.69	3296170.0	3152133.9	75.5	37.9
93	837.8	19.72	3296141.5	3151819.5	75.5	38.0
94	846.3	16.29	3296117.3	3151621.5	75.5	38.0
95	854.8	18.57	3296085.4	3151332.6	75.5	38.0
96	863.4	20.49	3296054.5	3151065.4	75.5	38.1
97	872.2	20.66	3296020.4	3150765.1	75.5	38.1
98	880.8	26.73	3295994.9	3150424.1	75.5	38.1
99	889.4	14.81	3295973.8	3150431.2	75.5	38.1
100	898.1	15.93	3295951.8	3150384.0	75.5	38.1
101	906.7	19.98	3295924.1	3150192.5	75.5	38.2
102	915.3	30.43	3295883.5	3149892.7	75.5	38.2
103	924.0	24.09	3295842.7	3149404.7	75.5	38.3
104	932.6	16.39	3295811.4	3149304.9	75.5	38.3
105	941.2	22.36	3295768.7	3149145.3	75.5	38.3
106	949.9	26.00	3295743.6	3149033.2	75.5	38.3
107	958.5	21.49	3295711.4	3148936.9	75.5	38.3
108	967.2	42.23	3295661.4	3148777.1	75.6	38.3
109	975.8	26.19	3295615.6	3148662.3	75.6	38.3
110	984.4	17.92	3295594.3	3148682.7	75.6	38.3
111	993.0	14.08	3295546.6	3148690.2	75.6	38.3
112	1001.5	38.47	3295520.8	3148647.5	75.6	38.3
113	1010.0	23.14	3295486.3	3148601.2	75.6	38.3
114	1018.6	17.52	3295445.3	3148517.2	75.6	38.3
115	1027.1	20.94	3295411.2	3148455.7	75.6	38.3
116	1035.6	49.53	3295384.6	3148439.7	75.7	38.3
117	1044.1	21.25	3295335.5	3148403.7	75.7	38.3
118	1052.6	17.43	3295301.3	3148414.3	75.7	38.3
119	1061.2	21.24	3295267.9	3148435.0	75.7	38.3
120	1069.7	28.62	3295215.6	3148441.5	75.7	38.3
121	1078.2	31.49	3295180.5	3148465.0	75.7	38.3
122	1086.7	14.88	3295145.8	3148405.2	75.7	38.3
123	1095.2	20.64	3295115.8	3148343.4	75.7	38.3
124	1103.8	26.10	3295077.3	3148282.4	75.7	38.3
125	1112.3	54.18	3295016.8	3148195.3	75.8	38.3
126	1120.8	26.52	3294946.1	3148109.5	75.8	38.3
127	1129.3	17.98	3294910.3	3148094.4	75.8	38.3
128	1137.9	19.91	3294863.6	3148076.8	75.9	38.3
129	1146.4	36.22	3294832.3	3148051.4	75.9	38.3
130	1155.0	21.23	3294789.5	3148004.4	75.9	38.3
131	1163.5	17.96	3294733.7	3147922.3	76.0	38.3
132	1172.0	23.21	3294697.2	3147869.4	76.0	38.3
133	1180.6	27.76	3294638.2	3147765.6	76.1	38.3
134	1189.1	27.47	3294583.8	3147701.3	76.1	38.3
135	1197.6	22.95	3294537.6	3147661.1	76.1	38.3
136	1206.1	32.00	3294499.0	3147635.4	76.2	38.3
137	1214.7	19.26	3294463.5	3147606.0	76.2	38.3
138	1223.2	21.41	3294430.7	3147576.7	76.2	38.3
139	1231.7	21.93	3294383.7	3147537.4	76.3	38.3
140	1248.7	31.82	3294360.2	3147520.2	76.3	38.3
141	1257.3	20.29	3294324.4	3147491.0	76.4	38.3
142	1265.8	18.41	3294284.4	3147463.0	76.4	38.3
143	1274.3	32.06	3294260.7	3147455.6	76.5	38.3
144	1282.8	18.34	3294234.4	3147438.0	76.5	38.3
145	1291.5	16.70	3294204.9	3147426.6	76.5	38.3
146	1300.1	17.87	3294181.8	3147424.2	76.5	38.3
147	1308.7	39.91	3294155.9	3147452.8	76.6	38.3
148	1317.4	16.46	3294122.4	3147447.7	76.7	38.3
149	1326.0	12.20	3294109.5	3147445.1	76.7	38.3
150	1334.6	13.48	3294092.2	3147457.1	76.7	38.3
151	1343.3	24.08	3294075.8	3147497.5	76.7	38.3
152	1352.0	13.93	3294057.3	3147525.0	76.8	38.3
153	1360.6	9.78	3294044.5	3147554.0	76.8	38.3
154	1369.2	11.35	3294033.7	3147594.2	76.8	38.3
155	1377.8	22.19	3294023.6	3147677.6	76.8	38.2
156	1386.4	11.87	3294012.2	3147701.1	76.9	38.2
157	1395.1	8.75	3294003.9	3147731.4	76.9	38.2
158	1403.8	9.81	3293997.3	3147774.5	76.9	38.2
159	1412.4	15.65	3293987.6	3147891.6	76.9	38.2
160	1420.9	12.02	3293979.8	3147974.6	76.9	38.2
161	1429.4	7.65	3293974.7	3147983.6	76.9	38.2
162	1437.9	7.57	3293967.7	3148031.5	76.9	38.2
163	1446.5	8.40	3293962.8	3148102.9	76.9	38.2
164	1455.0	7.39	3293956.2	3148214.8	77.0	38.2
165	1463.5	12.07	3293950.6	3148347.9	77.0	38.2
166	1472.0	6.45	3293944.8	3148427.2	77.0	38.1
167	1480.6	5.52	3293941.0	3148455.3	77.0	38.1
168	1489.1	7.73	3293937.6	3148504.7	77.0	38.1
169	1497.6	6.36	3293934.6	3148554.6	77.0	38.1
170	1506.3	5.60	3293931.8	3148602.3	77.0	38.1
171	1514.9	11.12	3293928.8	3148720.7	77.0	38.1
172	1523.4	5.48	3293925.9	3148772.6	77.0	38.1
173	1531.9	4.41	3293924.4	3148778.2	77.0	38.1
174	1540.4	5.33	3293920.8	3148854.0	77.0	38.1
175	1557.4	6.21	3293919.4	3148913.0	77.0	38.1
176	1566.0	4.73	3293917.9	3148955.6	77.0	38.1
177	1574.5	5.25	3293915.1	3149075.0	77.0	38.1
178	1583.0	8.58	3293914.1	3149124.3	77.0	38.0
179	1591.5	4.89	3293912.8	3149113.5	77.0	38.0
180	1600.0	3.57	3293910.3	3149119.1	77.0	38.0
181	1608.6	4.36	3293908.9	3149145.3	77.0	38.0
182	1617.1	10.79	3293908.1	3149199.1	77.0	38.0
183	1625.6	3.23	3293906.1	3149227.1	77.0	38.0
184	1634.1	2.70	3293905.4	3149238.6	77.0	38.0
185	1642.8	3.79	3293904.7	3149259.8	77.0	38.0
186	1651.4	4.33	3293903.2	3149302.5	77.0	38.0
187	1668.7	7.76	3293902.2	3149341.6	77.0	38.0
188	1677.3	4.21	3293900.5	3149394.4	77.0	38.0
189	1685.9	2.87	3293899.3	3149425.8	77.0	38.0
190	1694.6	4.17	3293898.0	3149460.1	77.0	38.0
191	1703.2	5.31	3293897.0	3149493.2	77.0	38.0
192	1711.8	3.37	3293895.8	3149505.7	77.0	38.0
193	1720.5	3.42	3293894.4	3149516.9	77.0	38.0
194	1729.1	5.74	3293893.3	3149550.2	77.0	38.0
195	1737.8	4.01	3293891.9	3149579.4	77.0	38.0
196	1746.4	3.87	3293890.3	3149621.1	77.0	38.0
197	1755.1	9.31	3293889.6	3149682.3	77.0	38.0
198	1763.6	4.16	3293887.9	3149672.3	77.0	38.0
199	1772.2	3.32	3293886.7	3149668.4	77.0	38.0
200	1780.7	4.19	3293885.2	3149676.4	77.0	38.0
201	1789.2	4.97	3293883.3	3149696.2	77.0	38.0
202	1806.2	6.47	3293881.9	3149702.3	77.0	38.0
203	1814.7	3.72	3293880.1	3149718.2	77.0	38.0
204	1823.2	3.78	3293878.7	3149718.9	77.0	38.0
205	1831.7	5.22	3293876.6	3149713.0	77.0	38.0
206	1840.3	9.60	3293875.1	3149703.7	77.0	38.0
207	1848.8	4.82	3293873.1	3149693.8	77.0	38.0
208	1857.3	3.40	3293871.4	3149680.0	77.0	38.0
209	1865.8	3.76	3293870.5	3149672.9	77.0	38.0
210	1874.4	13.30	3293869.4	3149649.0	77.0	38.0
211	1882.9	5.07	3293866.5	3149640.7	77.0	38.0
212	1891.4	3.90	3293864.9	3149634.4	77.0	38.0
213	1899.9	5.18	3293863.0	3149619.6	77.0	38.0
214	1908.5	5.95	3293859.9	3149590.9	77.1	38.0
215	1925.7	9.30	3293858.3	3149568.6	77.1	38.0
216	1934.4	5.11	3293855.2	3149531.6	77.1	38.0
217	1943.1	3.97	3293853.0	3149506.2	77.1	38.0
218	1951.7	8.48	3293850.1	3149455.2	77.1	38.0
219	1960.4	5.39	3293847.6	3149432.3	77.1	38.0
220	1969.0	4.86	3293845.7	3149423.6	77.1	38.0
221	1977.7	5.44	3293841.5	3149389.9	77.1	38.0
222	1994.9	9.11	3293839.8	3149355.3	77.1	38.0
223	2003.5	6.09	3293836.9	3149322.6	77.1	38.0
224	2012.2	5.00	3293833.8	3149276.4	77.1	38.0
225	2020.9	9.57	3293832.0	3149219.0	77.1	38.0
226	2029.5	5.28	3293829.8	3149208.9	77.1	38.0
227	2038.1	4.77	3293827.6	3149193.2	77.1	38.0
228	2046.6	5.65	3293825.2	3149169.0	77.1	38.0
229	2055.1	12.33	3293821.9	3149093.3	77.1	38.0
230	2063.7	6.98	3293818.0	3149056.2	77.1	38.0
231	2072.2	4.58	3293815.7	3149038.2	77.1	38.0
232	2080.7	5.44	3293813.1	3149012.9	77.1	38.0
233	2089.2	7.27	3293810.8	3148982.9	77.1	38.0
234	2097.8	5.53	3293807.8	3148959.2	77.1	38.1
235	2106.3	4.66	3293804.0	3148950.0	77.2	38.1
236	2114.8	11.00	3293803.0	3148950.7	77.2	38.1
237	2123.3	4.09	3293800.2	3148960.4	77.2	38.0
238	2131.8	3.48	3293799.0	3148969.8	77.2	38.0
239	2140.4	4.88	3293796.9	3148985.0	77.2	38.0
240	2148.9	9.84	3293795.7	3149007.6	77.2	38.0
241	2157.4	3.94	3293793.6	3149008.0	77.2	38.0
242	2165.9	3.29	3293792.4	3149007.4	77.2	38.0
243	2174.4	3.82	3293791.3	3149011.1	77.2	38.0
244	2182.9	5.62	3293789.6	3149023.9	77.2	38.0
245	2191.4	5.12	3293787.8	3149044.8	77.2	38.0
246	2200.0	3.89	3293786.3	3149051.9	77.2	38.0
247	2208.5	3.95	3293784.6	3149064.6	77.2	38.0
248	2217.0	5.26	3293783.2	3149083.6	77.2	38.0
249	2225.5	3.15	3293781.7	3149101.6	77.2	38.0
250	2234.1	3.35	3293780.8	3149111.0	77.2	38.0
251	2242.6	3.19	3293779.8	3149120.1	77.2	38.0
252	2251.2	4.30	3293778.5	3149134.5	77.2	38.0
253	2259.7	4.63	3293777.4	3149151.0	77.2	38.0
254	2268.2	3.18	3293776.6	3149155.4	77.2	38.0
255	2276.7	2.59	3293776.1	3149155.2	77.2	38.0
256	2285.3	2.58	3293775.4	3149158.4	77.2	38.0
257	2293.8	5.78	3293774.7	3149169.0	77.2	38.0
258	2302.5	2.58	3293773.9	3149170.6	77.2	38.0
259	2311.2	2.25	3293773.3	3149173.2	77.2	38.0
260	2319.8	2.48	3293772.8	3149174.9	77.2	38.0
261	2328.5	6.02	3293772.5	3149177.8	77.2	38.0
262	2337.1	2.04	3293771.8	3149176.1	77.2	38.0
263	2345.8	1.93	3293771.5	3149174.1	77.2	38.0
264	2354.4	2.27	3293771.0	3149170.9	77.2	38.0
265	2363.0	2.86	3293770.3	3149167.4	77.2	38.0
266	2380.3	2.85	3293769.9	3149165.1	77.2	38.0
267	2388.9	1.56	3293769.6	3149164.5	77.2	38.0
268	2397.6	1.67	3293769.4	3149164.1	77.2	38.0
269	2406.3	2.34	3293769.1	3149163.6	77.2	38.0
270	2414.9	1.96	3293768.8	3149162.5	77.2	38.0
271	2423.4	1.68	3293768.5	3149161.5	77.2	38.0
272	2431.9	3.33	3293768.2	3149159.2	77.2	38.0
273	2440.5	1.30	3293768.0	3149158.3	77.2	38.0
274	2449.0	1.07	3293767.9	3149157.9	77.2	38.0
275	2457.6	1.27	3293767.7	3149156.8	77.2	38.0
276	2466.1	2.99	3293767.6	3149154.4	77.2	38.0
277	2474.7	1.53	3293767.4	3149153.6	77.2	38.0
278	2483.2	0.98	3293767.2	3149152.0	77.2	38.0
279	2491.7	1.03	3293767.1	3149150.8	77.3	38.0
280	2500.2	2.66	3293767.0	3149148.0	77.3	38.0
281	2508.7	0.94	3293766.9	3149146.5	77.3	38.0
282	2517.2	0.87	3293766.8	3149146.2	77.3	38.0
283	2525.7	1.22	3293766.6	3149144.9	77.3	38.0
284	2534.3	2.88	3293766.6	3149142.8	77.3	38.0
285	2542.8	0.99	3293766.5	3149142.3	77.3	38.0
286	2551.3	0.76	3293766.4	3149141.7	77.3	38.0
287	2559.8	0.89	3293766.3	3149140.5	77.3	38.0
288	2568.4	1.09	3293766.2	3149138.6	77.3	38.0
289	2585.4	1.70	3293766.1	3149136.1	77.3	38.0
290	2593.9	0.91	3293766.0	3149134.3	77.3	38.0
291	2602.4	0.91	3293765.9	3149133.3	77.3	38.0
292	2611.0	1.63	3293765.9	3149131.3	77.3	38.0
293	2619.7	1.01	3293765.8	3149130.2	77.3	38.0
294	2628.2	0.93	3293765.7	3149129.3	77.3	38.0
295	2636.7	1.17	3293765.6	3149127.5	77.3	38.0
296	2645.2	3.34	3293765.6	3149123.3	77.3	38.0
297	2653.7	1.24	3293765.4	3149123.4	77.3	38.0
298	2662.2	0.80	3293765.3	3149122.6	77.3	38.0
299	2670.6	1.08	3293765.2	3149120.4	77.3	38.0
300	2678.9	1.34	3293765.1	3149117.1	77.3	38.0
301	2695.8	2.12	3293765.0	3149112.7	77.3	38.0
302	2704.2	1.19	3293764.8	3149108.0	77.3	38.0
303	2712.7	1.02	3293764.7	3149105.1	77.3	38.0
304	2721.3	1.33	3293764.4	3149099.3	77.3	38.0
305	2729.8	2.75	3293764.3	3149091.9	77.3	38.0
306	2738.3	1.33	3293764.1	3149088.6	77.3	38.0
307	2746.8	1.24	3293763.9	3149086.6	77.3	38.0
308	2755.3	1.62	3293763.7	3149081.4	77.3	38.0
309	2763.8	3.00	3293763.6	3149073.0	77.3	38.0
310	2772.3	1.16	3293763.5	3149072.4	77.3	38.0
311	2780.8	1.05	3293763.3	3149070.4	77.3	38.0
312	2789.3	1.40	3293763.2	3149065.7	77.3	38.0
313	2797.8	1.87	3293763.0	3149055.7	77.3	38.0
314	2806.3	4.46	3293762.8	3149030.9	77.3	38.0
315	2814.7	1.71	3293762.4	3149027.8	77.3	38.0
316	2823.1	1.48	3293762.2	3149025.2	77.3	38.0
317	2831.4	1.62	3293761.9	3149016.3	77.3	38.0
318	2839.8	2.90	3293761.6	3148998.2	77.4	38.0
319	2848.2	1.56	3293761.3	3148980.4	77.4	38.0
320	2856.6	1.39	3293761.1	3148974.7	77.4	38.0
321	2865.0	1.81	3293760.6	3148956.6	77.4	38.0
322	2881.7	2.61	3293760.5	3148945.6	77.4	38.0
323	2890.1	1.86	3293760.2	3148934.2	77.4	38.0
324	2898.5	1.87	3293759.8	3148915.5	77.4	38.1
325	2906.9	3.82	3293759.5	3148890.3	77.4	38.1
326	2915.3	2.02	3293759.2	3148886.1	77.4	38.1
327	2923.7	1.46	3293758.8	3148878.5	77.4	38.1
328	2932.1	1.77	3293758.6	3148870.0	77.4	38.1
329	2940.4	4.36	3293758.4	3148845.4	77.4	38.1
330	2948.8	1.85	3293758.0	3148840.2	77.4	38.1
331	2957.2	1.64	3293757.7	3148836.0	77.5	38.1
332	2965.8	1.94	3293757.4	3148826.8	77.5	38.1
333	2974.3	2.22	3293756.9	3148809.8	77.5	38.1
334	2991.2	2.97	3293756.7	3148799.3	77.5	38.1
335	2999.6	1.68	3293756.3	3148788.0	77.5	38.1
336	3008.1	1.44	3293756.0	3148781.7	77.5	38.1
337	3016.6	2.28	3293755.7	3148775.7	77.5	38.1
338	3025.1	3.38	3293755.5	3148770.5	77.5	38.1
339	3033.6	1.53	3293755.3	3148774.5	77.5	38.1
340	3042.1	1.37	3293755.1	3148778.0	77.5	38.1
341	3050.6	1.68	3293754.9	3148780.1	77.5	38.1
342	3059.1	1.98	3293754.5	3148783.2	77.5	38.1
343	3076.1	2.53	3293754.3	3148786.1	77.5	38.1
344	3084.6	1.37	3293754.1	3148787.5	77.6	38.1
345	3092.9	1.09	3293753.9	3148790.5	77.6	38.1
346	3101.3	1.61	3293753.7	3148798.1	77.6	38.1
347	3109.7	1.91	3293753.5	3148805.7	77.6	38.1
348	3118.1	1.24	3293753.4	3148808.2	77.6	38.1
349	3126.5	1.08	3293753.2	3148816.1	77.6	38.1
350	3134.9	1.24	3293753.1	3148823.0	77.6	38.1
351	3143.3	1.17	3293753.0	3148832.8	77.6	38.1
352	3151.7	1.08	3293752.9	3148841.2	77.6	38.1
353	3160.0	1.01	3293752.8	3148848.1	77.6	38.1
354	3168.4	1.36	3293752.7	3148856.7	77.6	38.1
355	3176.8	0.98	3293752.6	3148864.6	77.6	38.1
356	3185.2	0.83	3293752.5	3148870.1	77.6	38.1
357	3193.6	1.29	3293752.4	3148882.1	77.6	38.1
358	3202.0	1.52	3293752.4	3148896.3	77.6	38.1
359	3210.5	0.83	3293752.3	3148898.6	77.6	38.1
360	3218.9	0.70	3293752.2	3148905.4	77.6	38.1
361	3227.3	0.78	3293752.2	3148912.1	77.6	38.0
362	3235.7	1.81	3293752.1	3148935.7	77.6	38.0
363	3244.1	0.73	3293752.1	3148935.2	77.6	38.0
364	3252.5	0.60	3293752.1	3148933.2	77.6	38.0
365	3260.8	0.70	3293752.0	3148934.6	77.6	38.0
366	3269.2	1.24	3293751.9	3148944.7	77.6	38.0
367	3277.8	0.74	3293751.9	3148951.1	77.6	38.0
368	3286.3	0.57	3293751.9	3148956.9	77.6	38.0
369	3294.7	0.63	3293751.8	3148964.1	77.6	38.0
370	3303.3	1.30	3293751.8	3148970.8	77.6	38.0
371	3311.7	0.60	3293751.8	3148971.1	77.6	38.0
372	3320.2	0.46	3293751.7	3148970.7	77.6	38.0
373	3328.8	0.54	3293751.7	3148971.3	77.6	38.0
374	3337.3	1.44	3293751.7	3148976.1	77.6	38.0
375	3345.8	0.52	3293751.7	3148977.7	77.6	38.0
376	3354.2	0.39	3293751.6	3148979.0	77.6	38.0
377	3362.7	0.51	3293751.6	3148981.9	77.6	38.0
378	3371.2	0.67	3293751.6	3148986.2	77.6	38.0
379	3379.7	1.66	3293751.6	3148996.2	77.6	38.0
380	3388.2	0.59	3293751.5	3148997.1	77.6	38.0
381	3396.6	0.44	3293751.5	3148997.5	77.6	38.0
382	3405.0	0.46	3293751.5	3148999.8	77.6	38.0
383	3413.4	0.52	3293751.5	3149004.2	77.6	38.0
384	3421.8	0.99	3293751.4	3149013.0	77.6	38.0
385	3430.2	0.42	3293751.4	3149012.6	77.6	38.0
386	3438.6	0.43	3293751.4	3149013.1	77.6	38.0
387	3447.0	0.57	3293751.4	3149016.1	77.6	38.0
388	3455.4	1.34	3293751.4	3149023.0	77.6	38.0
389	3463.7	0.56	3293751.3	3149025.8	77.6	38.0
390	3472.1	0.39	3293751.3	3149027.9	77.6	38.0
391	3480.5	0.47	3293751.3	3149031.1	77.6	38.0
392	3488.9	0.63	3293751.3	3149035.9	77.7	38.0
393	3497.3	1.21	3293751.2	3149045.3	77.7	38.0
394	3505.8	0.50	3293751.2	3149044.6	77.7	38.0
395	3514.3	0.56	3293751.2	3149044.0	77.7	38.0
396	3522.7	0.63	3293751.2	3149045.0	77.7	38.0
397	3531.2	1.25	3293751.1	3149049.6	77.7	38.0
398	3539.7	0.78	3293751.1	3149054.6	77.7	38.0
399	3548.2	0.52	3293751.0	3149055.4	77.7	38.0
400	3556.7	0.60	3293751.0	3149057.8	77.7	38.0
401	3565.2	0.94	3293751.0	3149060.9	77.7	38.0
402	3573.7	0.87	3293750.9	3149064.8	77.7	38.0
403	3582.2	0.75	3293750.8	3149068.7	77.7	38.0
404	3590.7	0.87	3293750.8	3149072.9	77.7	38.0
405	3599.2	0.98	3293750.7	3149074.5	77.7	38.0
406	3607.8	0.87	3293750.7	3149074.6	77.7	38.0
407	3616.3	1.46	3293750.6	3149075.7	77.7	38.0
408	3624.8	0.80	3293750.5	3149076.2	77.7	38.0
409	3633.3	0.93	3293750.5	3149077.6	77.7	38.0
410	3641.7	1.05	3293750.4	3149080.8	77.7	38.0
411	3650.1	1.51	3293750.3	3149083.5	77.7	38.0
412	3658.5	1.08	3293750.1	3149087.5	77.7	38.0
413	3666.9	0.93	3293750.1	3149086.9	77.7	38.0
414	3675.2	1.06	3293750.0	3149085.9	77.7	38.0
415	3683.6	1.22	3293749.9	3149085.7	77.7	38.0
416	3692.0	0.94	3293749.8	3149086.9	77.8	38.0
417	3700.4	0.97	3293749.6	3149089.3	77.8	38.0
418	3708.8	2.50	3293749.6	3149092.7	77.8	38.0
419	3717.2	1.14	3293749.4	3149093.7	77.8	38.0
420	3725.6	0.95	3293749.3	3149094.2	77.8	38.0
421	3734.1	1.20	3293749.2	3149094.8	77.8	38.0
422	3742.6	2.65	3293749.0	3149096.1	77.8	38.0
423	3750.9	1.50	3293748.8	3149096.6	77.9	38.0
424	3759.4	1.06	3293748.7	3149096.7	77.9	38.0
425	3767.9	1.32	3293748.6	3149096.8	77.9	38.0
426	3776.4	1.61	3293748.4	3149096.7	77.9	38.0
427	3784.9	1.63	3293748.2	3149096.1	77.9	38.0
428	3793.6	1.31	3293748.0	3149094.4	77.9	38.0
429	3802.2	2.16	3293747.8	3149090.9	78.0	38.0
430	3810.9	1.40	3293747.6	3149088.9	78.0	38.0
431	3819.5	1.29	3293747.5	3149087.3	78.0	38.0
432	3828.2	2.10	3293747.3	3149083.2	78.0	38.0
433	3836.8	1.54	3293747.1	3149080.1	78.0	38.0
434	3845.5	1.37	3293746.9	3149077.8	78.0	38.0
435	3854.1	1.90	3293746.7	3149072.8	78.1	38.0
436	3862.8	2.20	3293746.6	3149068.9	78.1	38.0
437	3871.4	1.10	3293746.4	3149069.0	78.1	38.0
438	3880.0	1.01	3293746.3	3149067.8	78.1	38.0
439	3888.5	1.21	3293746.2	3149065.7	78.1	38.0
440	3905.5	2.05	3293746.0	3149063.4	78.1	38.0
441	3914.0	1.12	3293745.9	3149060.2	78.1	38.0
442	3922.5	0.89	3293745.8	3149058.4	78.2	38.0
443	3931.0	1.87	3293745.7	3149057.0	78.2	38.0
444	3939.6	0.97	3293745.6	3149057.2	78.2	38.0
445	3948.1	0.87	3293745.5	3149057.9	78.2	38.0
446	3956.6	0.99	3293745.4	3149058.3	78.2	38.0
447	3965.1	2.37	3293745.3	3149057.0	78.2	38.0
448	3973.6	0.92	3293745.2	3149056.4	78.2	38.0
449	3982.1	0.70	3293745.2	3149055.1	78.2	38.0
450	3990.7	0.95	3293745.1	3149052.8	78.2	38.0
451	3999.2	1.33	3293745.0	3149048.9	78.2	38.0
452	4007.9	1.98	3293744.9	3149041.3	78.2	38.0
453	4016.5	0.73	3293744.8	3149041.7	78.2	38.0
454	4025.2	0.67	3293744.8	3149041.6	78.2	38.0
455	4033.9	0.85	3293744.7	3149039.7	78.2	38.0
456	4042.5	1.68	3293744.7	3149034.0	78.2	38.0
457	4051.2	0.86	3293744.6	3149030.4	78.2	38.0
458	4059.8	0.83	3293744.5	3149026.6	78.2	38.0
459	4068.4	0.78	3293744.5	3149021.1	78.2	38.0
460	4077.1	2.27	3293744.5	3149012.2	78.2	38.0
461	4085.7	0.67	3293744.4	3149010.4	78.2	38.0
462	4094.4	0.50	3293744.3	3149010.2	78.2	38.0
463	4103.0	0.70	3293744.3	3149008.6	78.2	38.0
464	4111.6	0.99	3293744.2	3149004.4	78.2	38.0
465	4120.2	1.70	3293744.2	3148995.1	78.2	38.0
466	4128.7	0.62	3293744.1	3148994.0	78.2	38.0
467	4137.2	0.57	3293744.1	3148992.8	78.3	38.0
468	4145.8	0.68	3293744.1	3148990.1	78.3	38.0
469	4154.3	1.22	3293744.0	3148983.5	78.3	38.0
470	4162.8	0.78	3293744.0	3148976.3	78.3	38.0
471	4171.3	0.62	3293743.9	3148973.8	78.3	38.0
472	4179.8	1.06	3293743.9	3148967.0	78.3	38.0
473	4188.3	0.68	3293743.8	3148963.4	78.3	38.0
474	4196.8	0.58	3293743.8	3148961.6	78.3	38.0
475	4205.4	0.79	3293743.7	3148954.7	78.3	38.0
476	4222.3	1.18	3293743.7	3148949.4	78.3	38.0
477	4230.8	0.88	3293743.7	3148946.8	78.3	38.0
478	4239.4	0.77	3293743.6	3148939.7	78.3	38.0
479	4247.9	0.97	3293743.6	3148937.6	78.3	38.0
480	4256.5	0.63	3293743.6	3148937.9	78.3	38.0
481	4265.1	0.54	3293743.5	3148936.9	78.3	38.0
482	4273.7	0.71	3293743.5	3148935.2	78.3	38.0
483	4282.4	1.32	3293743.4	3148931.0	78.3	38.0
484	4291.0	0.94	3293743.4	3148928.9	78.3	38.0
485	4299.6	0.49	3293743.3	3148928.8	78.3	38.0
486	4308.3	0.63	3293743.3	3148928.8	78.3	38.0
487	4316.9	0.79	3293743.3	3148928.5	78.3	38.0
488	4325.6	1.69	3293743.2	3148927.6	78.3	38.0
489	4334.2	0.71	3293743.2	3148927.3	78.3	38.0
490	4342.9	0.58	3293743.1	3148927.1	78.4	38.0
491	4351.5	0.67	3293743.1	3148927.2	78.4	38.0
492	4360.1	0.88	3293743.0	3148928.1	78.4	38.0
493	4368.6	1.32	3293743.0	3148930.9	78.4	38.0
494	4377.2	0.71	3293742.9	3148932.3	78.4	38.0
495	4385.8	0.91	3293742.8	3148934.7	78.4	38.0
496	4394.3	1.04	3293742.7	3148938.7	78.4	38.0
497	4411.3	1.63	3293742.7	3148943.7	78.4	38.0
498	4419.9	0.89	3293742.6	3148948.5	78.4	38.0
499	4428.4	0.83	3293742.5	3148952.8	78.4	38.0
500	4436.8	1.13	3293742.4	3148958.5	78.5	38.0
501	4445.2	2.13	3293742.3	3148969.6	78.5	38.0
502	4453.5	1.05	3293742.2	3148971.1	78.5	38.0
503	4461.9	1.14	3293742.1	3148974.7	78.5	38.0
504	4470.3	1.36	3293742.0	3148980.9	78.5	38.0
505	4478.6	2.14	3293741.7	3148999.7	78.5	38.0
506	4495.3	2.09	3293741.6	3149012.5	78.6	38.0
507	4503.7	1.22	3293741.4	3149022.2	78.6	38.0
508	4512.2	1.11	3293741.3	3149031.1	78.6	38.0
509	4520.8	1.49	3293741.1	3149043.1	78.6	38.0
510	4529.3	2.59	3293740.9	3149064.1	78.7	38.0
511	4537.8	1.47	3293740.7	3149078.3	78.7	38.0
512	4546.3	1.28	3293740.5	3149084.2	78.7	38.0
513	4554.8	1.70	3293740.2	3149096.5	78.8	38.0
514	4563.2	1.89	3293740.0	3149111.5	78.8	38.0
515	4571.8	1.38	3293739.8	3149119.2	78.8	38.0
516	4580.2	1.43	3293739.6	3149125.0	78.9	38.0
517	4588.8	3.20	3293739.5	3149139.1	78.9	38.0
518	4597.3	1.37	3293739.2	3149142.7	78.9	38.0
519	4605.7	1.23	3293739.1	3149148.0	78.9	38.0
520	4614.2	1.41	3293739.0	3149156.1	79.0	38.0
521	4622.7	1.80	3293738.7	3149168.8	79.0	38.0
522	4631.2	3.06	3293738.6	3149190.3	79.1	38.0
523	4639.6	1.27	3293738.3	3149187.9	79.1	38.0
524	4648.0	1.32	3293738.2	3149186.0	79.1	38.0
525	4656.4	1.80	3293738.0	3149187.4	79.1	38.0
526	4664.7	4.66	3293737.8	3149198.3	79.2	38.0
527	4673.2	1.70	3293737.5	3149199.1	79.2	38.0
528	4681.5	1.13	3293737.3	3149203.0	79.2	38.0
529	4689.9	1.28	3293737.2	3149207.9	79.3	38.0
530	4698.3	1.33	3293736.9	3149211.0	79.3	38.0
531	4706.7	4.75	3293736.8	3149212.9	79.4	38.0
532	4715.0	1.30	3293736.3	3149209.0	79.4	38.0
533	4723.5	1.15	3293736.2	3149203.7	79.4	38.0
534	4731.8	1.37	3293735.9	3149192.5	79.4	38.0
535	4748.5	1.93	3293735.8	3149187.9	79.5	38.0
536	4756.9	1.28	3293735.7	3149181.3	79.5	38.0
537	4765.3	1.03	3293735.5	3149173.2	79.5	38.0
538	4773.7	2.86	3293735.3	3149161.2	79.5	38.0
539	4782.1	1.19	3293735.2	3149159.2	79.5	38.0
540	4790.6	1.07	3293735.1	3149158.1	79.6	38.0
541	4799.1	1.21	3293734.9	3149152.9	79.6	38.0
542	4807.6	2.28	3293734.8	3149139.0	79.6	38.0
543	4816.1	1.21	3293734.6	3149128.0	79.6	38.0
544	4824.6	0.88	3293734.6	3149125.0	79.6	38.0
545	4833.1	1.09	3293734.4	3149117.1	79.7	38.0
546	4841.9	1.57	3293734.3	3149104.0	79.7	38.0
547	4850.4	1.09	3293734.2	3149091.6	79.7	38.0
548	4858.9	0.87	3293734.1	3149082.6	79.7	38.0
549	4867.4	0.90	3293734.1	3149078.1	79.7	38.0
550	4875.9	1.04	3293734.0	3149069.8	79.8	38.0
551	4884.4	1.83	3293733.9	3149058.0	79.8	38.0
552	4892.9	0.77	3293733.8	3149053.9	79.8	38.0
553	4901.4	0.68	3293733.8	3149050.4	79.8	38.0
554	4909.8	0.78	3293733.7	3149046.3	79.8	38.0
555	4918.2	2.53	3293733.7	3149030.2	79.8	38.0
556	4926.6	0.77	3293733.6	3149027.9	79.8	38.0
557	4934.9	0.55	3293733.6	3149026.6	79.8	38.0
558	4943.3	0.65	3293733.5	3149022.6	79.8	38.0
559	4951.7	0.71	3293733.5	3149016.8	79.8	38.0
560	4968.4	1.07	3293733.5	3149010.8	79.8	38.0
561	4976.8	0.60	3293733.4	3149005.7	79.8	38.0
562	4985.1	0.56	3293733.4	3149002.0	79.9	38.0
563	4993.5	0.72	3293733.3	3148996.2	79.9	38.0
564	5001.9	1.65	3293733.3	3148987.5	79.9	38.0
565	5010.3	0.62	3293733.3	3148987.7	79.9	38.0
566	5018.7	0.50	3293733.2	3148988.0	79.9	38.0
567	5027.1	0.62	3293733.2	3148986.4	79.9	38.0
568	5035.5	0.99	3293733.2	3148982.8	79.9	38.0
569	5043.9	0.62	3293733.1	3148978.6	79.9	38.0
570	5052.5	0.50	3293733.1	3148977.0	79.9	38.0
571	5060.9	0.88	3293733.0	3148973.8	79.9	38.0
572	5069.4	1.01	3293733.0	3148972.1	79.9	38.0
573	5077.9	0.63	3293733.0	3148972.5	79.9	38.0
574	5086.4	0.56	3293732.9	3148973.1	79.9	38.0
575	5094.9	0.73	3293732.9	3148973.2	79.9	38.0
576	5103.4	0.78	3293732.8	3148974.0	80.0	38.0
577	5111.9	1.53	3293732.8	3148975.8	80.0	38.0
578	5120.4	0.79	3293732.7	3148976.3	80.0	38.0
579	5128.9	0.59	3293732.7	3148977.8	80.0	38.0
580	5137.4	0.68	3293732.6	3148980.1	80.0	38.0
581	5145.9	1.29	3293732.5	3148984.9	80.0	38.0
582	5154.4	0.96	3293732.5	3148990.5	80.0	38.0
583	5162.9	0.60	3293732.4	3148991.1	80.0	38.0
584	5171.3	0.72	3293732.4	3148992.2	80.0	38.0
585	5179.7	0.90	3293732.3	3148994.7	80.0	38.0
586	5188.1	0.96	3293732.2	3148999.8	80.0	38.0
587	5196.5	1.88	3293732.2	3149005.7	80.0	38.0
588	5204.9	0.89	3293732.1	3149007.2	80.0	38.0
589	5213.3	0.75	3293732.0	3149008.1	80.0	38.0
590	5221.7	0.83	3293731.9	3149010.4	80.1	38.0
591	5230.1	2.31	3293731.9	3149014.8	80.1	38.0
592	5238.5	0.88	3293731.8	3149015.7	80.1	38.0
593	5246.9	0.74	3293731.8	3149016.7	80.1	38.0
594	5255.3	0.96	3293731.7	3149019.0	80.1	38.0
595	5263.7	1.13	3293731.6	3149022.7	80.1	38.0
596	5280.3	1.84	3293731.5	3149025.7	80.1	38.0
597	5288.7	1.09	3293731.3	3149030.2	80.1	38.0
598	5297.1	0.94	3293731.2	3149032.9	80.2	38.0
599	5305.5	2.11	3293731.1	3149037.3	80.2	38.0
600	5313.9	1.11	3293730.9	3149037.3	80.2	38.0
601	5322.3	1.12	3293730.8	3149035.9	80.2	38.0
602	5330.9	1.50	3293730.6	3149035.6	80.2	38.0
603	5339.4	2.40	3293730.5	3149035.5	80.2	38.0
604	5347.9	1.02	3293730.3	3149036.3	80.2	38.0
605	5356.4	1.09	3293730.3	3149037.7	80.3	38.0
606	5364.8	1.29	3293730.1	3149039.6	80.3	38.0
607	5373.3	3.58	3293730.0	3149042.0	80.3	38.0
608	5381.9	1.43	3293729.8	3149042.4	80.3	38.0
609	5390.3	0.95	3293729.7	3149042.1	80.3	38.0
610	5398.9	1.19	3293729.5	3149041.8	80.4	38.0
611	5407.3	1.72	3293729.4	3149041.9	80.4	38.0
612	5415.8	2.47	3293729.2	3149042.5	80.5	38.0
613	5424.3	1.05	3293729.0	3149042.7	80.5	38.0
614	5432.8	1.13	3293728.9	3149043.0	80.5	38.0
615	5441.3	1.46	3293728.8	3149043.4	80.5	38.0
616	5449.7	2.44	3293728.6	3149044.6	80.5	38.0
617	5458.0	1.43	3293728.4	3149045.3	80.6	38.0
618	5466.4	1.15	3293728.3	3149045.3	80.6	38.0
619	5474.8	1.34	3293728.1	3149045.7	80.6	38.0
620	5483.2	1.92	3293728.0	3149046.3	80.7	38.0
621	5491.5	1.06	3293727.9	3149046.5	80.7	38.0
622	5499.9	1.04	3293727.7	3149047.2	80.7	38.0
623	5508.3	1.07	3293727.6	3149047.7	80.7	38.0
624	5516.6	3.05	3293727.5	3149049.4	80.7	38.0
625	5525.1	0.98	3293727.3	3149049.4	80.8	38.0
626	5533.5	0.78	3293727.3	3149049.3	80.8	38.0
627	5541.8	1.00	3293727.2	3149049.4	80.8	38.0
628	5550.2	1.61	3293727.1	3149049.9	80.8	38.0
629	5558.5	1.00	3293727.0	3149050.4	80.8	38.0
630	5566.8	0.74	3293727.0	3149050.7	80.8	38.0
631	5575.4	0.92	3293726.9	3149051.2	80.8	38.0
632	5583.9	1.44	3293726.8	3149051.6	80.9	38.0
633	5592.4	0.71	3293726.8	3149051.4	80.9	38.0
634	5600.9	0.68	3293726.7	3149051.1	80.9	38.0
635	5609.6	0.72	3293726.7	3149050.7	80.9	38.0
636	5618.2	1.42	3293726.6	3149049.4	80.9	38.0
637	5626.9	1.42	3293726.6	3149048.0	80.9	38.0
638	5635.5	0.56	3293726.5	3149048.1	80.9	38.0
639	5644.2	0.47	3293726.5	3149047.8	80.9	38.0
640	5652.8	0.73	3293726.4	3149046.3	80.9	38.0
641	5661.5	0.94	3293726.4	3149043.6	80.9	38.0
642	5670.1	0.87	3293726.4	3149040.1	80.9	38.0
643	5678.7	0.49	3293726.3	3149039.2	81.0	38.0
644	5687.3	0.51	3293726.3	3149037.5	81.0	38.0
645	5695.9	0.64	3293726.3	3149036.0	81.0	38.0
646	5704.5	0.57	3293726.2	3149033.6	81.0	38.0
647	5713.0	1.48	3293726.2	3149028.8	81.0	38.0
648	5721.5	0.37	3293726.2	3149027.8	81.0	38.0
649	5730.0	0.30	3293726.2	3149027.9	81.0	38.0
650	5738.5	0.36	3293726.1	3149026.8	81.0	38.0
651	5747.1	1.10	3293726.1	3149024.3	81.0	38.0
652	5755.6	0.42	3293726.1	3149023.4	81.0	38.0
653	5764.1	0.30	3293726.1	3149022.0	81.0	38.0
654	5772.6	0.41	3293726.1	3149019.5	81.0	38.0
655	5781.2	0.69	3293726.1	3149015.9	81.0	38.0
656	5789.7	0.43	3293726.0	3149011.8	81.0	38.0
657	5798.2	0.31	3293726.0	3149011.5	81.0	38.0
658	5806.8	0.41	3293726.0	3149010.8	81.0	38.0
659	5815.3	0.58	3293726.0	3149009.0	81.0	38.0
660	5823.8	0.47	3293726.0	3149006.0	81.0	38.0
661	5832.5	0.70	3293726.0	3149000.0	81.0	38.0
662	5841.2	0.37	3293725.9	3148998.2	81.0	38.0
663	5849.8	0.35	3293725.9	3148997.9	81.0	38.0
664	5858.4	0.49	3293725.9	3148995.2	81.0	38.0
665	5867.1	0.95	3293725.9	3148989.3	81.0	38.0
666	5875.7	0.44	3293725.9	3148988.6	81.0	38.0
667	5884.4	0.36	3293725.9	3148985.9	81.0	38.0
668	5893.0	0.39	3293725.8	3148982.4	81.0	38.0
669	5901.6	0.91	3293725.8	3148975.9	81.0	38.0
670	5910.3	0.39	3293725.8	3148970.4	81.0	38.0
671	5918.9	0.32	3293725.8	3148970.5	81.0	38.0
672	5927.6	0.53	3293725.8	3148970.3	81.0	38.0
673	5936.2	0.60	3293725.7	3148968.3	81.0	38.0
674	5944.8	0.43	3293725.7	3148966.9	81.0	38.0
675	5953.4	0.49	3293725.7	3148962.9	81.1	38.0
676	5962.0	0.57	3293725.7	3148961.4	81.1	38.0
677	5970.5	0.46	3293725.7	3148961.2	81.1	38.0
678	5979.2	0.37	3293725.6	3148959.6	81.1	38.0
679	5987.7	0.66	3293725.6	3148958.3	81.1	38.0
680	5996.2	0.54	3293725.6	3148957.4	81.1	38.0
681	6004.8	0.69	3293725.6	3148954.7	81.1	38.0
682	6013.3	1.18	3293725.6	3148953.6	81.1	38.0
683	6021.8	0.49	3293725.5	3148954.2	81.1	38.0
684	6030.3	0.38	3293725.5	3148954.6	81.1	38.0
685	6038.9	0.67	3293725.5	3148955.1	81.1	38.0
686	6047.4	0.78	3293725.5	3148955.4	81.1	38.0
687	6064.4	1.22	3293725.4	3148955.2	81.1	38.0
688	6072.9	0.67	3293725.4	3148955.0	81.1	38.0
689	6081.6	0.45	3293725.3	3148954.7	81.1	38.0
690	6090.2	0.66	3293725.3	3148954.4	81.1	38.0
691	6098.9	0.95	3293725.3	3148954.2	81.1	38.0
692	6107.5	0.78	3293725.2	3148954.4	81.2	38.0
693	6116.1	0.82	3293725.1	3148955.0	81.2	38.0
694	6124.8	1.16	3293725.1	3148955.8	81.2	38.0
695	6133.4	0.72	3293725.0	3148956.1	81.2	38.0
696	6142.1	0.69	3293725.0	3148956.5	81.2	38.0
697	6150.7	0.84	3293724.9	3148957.2	81.2	38.0
698	6167.8	1.13	3293724.9	3148957.9	81.2	38.0
699	6176.5	0.66	3293724.8	3148958.5	81.2	38.0
700	6185.1	0.60	3293724.8	3148959.1	81.2	38.0
701	6193.8	0.93	3293724.7	3148960.1	81.3	38.0
702	6202.3	0.71	3293724.7	3148961.1	81.3	38.0
703	6210.8	0.62	3293724.6	3148962.2	81.3	38.0
704	6219.4	2.06	3293724.6	3148965.0	81.3	38.0
705	6227.9	0.76	3293724.5	3148964.8	81.3	38.0
706	6236.4	0.55	3293724.5	3148965.1	81.3	38.0
707	6244.9	0.64	3293724.5	3148966.5	81.3	38.0
708	6253.4	0.79	3293724.4	3148968.3	81.3	38.0
709	6261.9	2.02	3293724.4	3148973.7	81.4	38.0
710	6270.5	0.68	3293724.3	3148973.3	81.4	38.0
711	6279.0	0.51	3293724.3	3148973.4	81.4	38.0
712	6287.5	0.70	3293724.3	3148974.8	81.4	38.0
713	6296.0	0.99	3293724.2	3148977.1	81.4	38.0
714	6304.5	0.73	3293724.2	3148979.4	81.4	38.0
715	6313.0	0.57	3293724.1	3148980.5	81.4	38.0
716	6321.5	0.72	3293724.1	3148982.1	81.4	38.0
717	6330.1	1.13	3293724.1	3148984.1	81.4	38.0
718	6338.8	0.66	3293724.0	3148984.9	81.4	38.0
719	6347.4	0.58	3293724.0	3148985.9	81.5	38.0
720	6356.1	0.67	3293723.9	3148986.8	81.5	38.0
721	6364.7	0.86	3293723.9	3148988.4	81.5	38.0
722	6373.3	0.59	3293723.9	3148988.7	81.5	38.0
723	6382.0	0.50	3293723.8	3148988.6	81.5	38.0
724	6390.6	0.53	3293723.8	3148988.4	81.5	38.0
725	6399.2	0.50	3293723.8	3148988.3	81.5	38.0
726	6407.9	0.44	3293723.8	3148988.2	81.5	38.0
727	6416.5	0.46	3293723.7	3148987.8	81.5	38.0
728	6425.2	0.59	3293723.7	3148987.1	81.5	38.0
729	6433.8	0.37	3293723.7	3148986.5	81.5	38.0
730	6442.4	0.43	3293723.7	3148985.8	81.5	38.0
731	6451.0	0.46	3293723.7	3148985.2	81.5	38.0
732	6459.6	0.39	3293723.7	3148984.7	81.5	38.0
733	6468.1	0.46	3293723.6	3148983.3	81.5	38.0
734	6476.6	0.74	3293723.6	3148982.3	81.6	38.0
735	6485.2	0.37	3293723.6	3148982.2	81.6	38.0
736	6493.7	0.27	3293723.6	3148981.7	81.6	38.0
737	6502.2	0.28	3293723.6	3148981.0	81.6	38.0
738	6510.7	0.82	3293723.6	3148979.4	81.6	38.0
739	6519.2	0.30	3293723.6	3148979.0	81.6	38.0
740	6527.8	0.27	3293723.6	3148978.8	81.6	38.0
741	6536.3	0.40	3293723.5	3148978.5	81.6	38.0
742	6544.8	0.55	3293723.5	3148978.1	81.6	38.0
743	6553.3	0.37	3293723.5	3148977.7	81.6	38.0
744	6561.8	0.27	3293723.5	3148977.7	81.6	38.0
745	6570.4	0.41	3293723.5	3148977.8	81.6	38.0
746	6578.9	0.31	3293723.5	3148977.8	81.6	38.0
747	6587.4	0.28	3293723.5	3148977.8	81.6	38.0
748	6596.0	0.37	3293723.5	3148977.7	81.6	38.0
749	6604.5	0.58	3293723.5	3148977.6	81.6	38.0
750	6613.1	0.33	3293723.5	3148977.6	81.6	38.0
751	6621.7	0.20	3293723.5	3148977.6	81.6	38.0
752	6630.2	0.20	3293723.5	3148977.5	81.6	38.0
753	6647.2	0.44	3293723.4	3148977.6	81.6	38.0
754	6655.7	0.22	3293723.4	3148977.6	81.6	38.0
755	6664.2	0.20	3293723.4	3148977.6	81.6	38.0
756	6672.7	0.40	3293723.4	3148977.7	81.6	38.0
757	6681.2	0.42	3293723.4	3148977.8	81.6	38.0
758	6689.6	0.19	3293723.4	3148977.8	81.6	38.0
759	6698.0	0.14	3293723.4	3148977.8	81.6	38.0
760	6706.4	0.20	3293723.4	3148977.9	81.6	38.0
761	6714.9	0.28	3293723.4	3148978.1	81.6	38.0
762	6723.3	0.29	3293723.4	3148978.3	81.6	38.0
763	6731.8	0.24	3293723.4	3148978.6	81.6	38.0
764	6740.3	0.45	3293723.4	3148979.3	81.6	38.0
765	6748.8	0.25	3293723.4	3148979.5	81.6	38.0
766	6757.3	0.26	3293723.4	3148979.6	81.6	38.0
767	6765.7	0.36	3293723.4	3148980.1	81.6	38.0
768	6782.6	0.42	3293723.3	3148980.6	81.6	38.0
769	6791.1	0.29	3293723.3	3148981.0	81.6	38.0
770	6799.6	0.29	3293723.3	3148981.8	81.6	38.0
771	6808.1	0.46	3293723.3	3148982.5	81.6	38.0
772	6816.6	0.31	3293723.3	3148983.0	81.6	38.0
773	6825.0	0.29	3293723.3	3148983.6	81.6	38.0
774	6833.5	0.41	3293723.3	3148984.4	81.6	38.0
775	6841.9	0.80	3293723.3	3148986.0	81.6	38.0
776	6850.3	0.38	3293723.3	3148986.4	81.6	38.0
777	6858.7	0.30	3293723.2	3148986.8	81.6	38.0
778	6867.1	0.33	3293723.2	3148987.2	81.6	38.0
779	6875.4	0.64	3293723.2	3148988.3	81.6	38.0
780	6883.8	0.37	3293723.2	3148989.4	81.6	38.0
781	6892.1	0.36	3293723.2	3148989.9	81.6	38.0
782	6900.5	0.79	3293723.2	3148991.3	81.6	38.0
783	6908.9	0.39	3293723.2	3148991.6	81.7	38.0
784	6917.2	0.42	3293723.1	3148992.1	81.7	38.0
785	6925.6	0.57	3293723.1	3148993.3	81.7	38.0
786	6934.0	0.82	3293723.1	3148995.2	81.7	38.0
787	6942.4	0.53	3293723.1	3148997.8	81.7	38.0
788	6950.8	0.43	3293723.0	3148998.8	81.7	38.0
789	6959.2	0.46	3293723.0	3148999.4	81.7	38.0
790	6967.5	0.42	3293723.0	3149000.1	81.7	38.0
791	6975.9	0.87	3293723.0	3149002.1	81.7	38.0
792	6984.3	0.44	3293722.9	3149004.2	81.7	38.0
793	6992.8	0.44	3293722.9	3149004.7	81.7	38.0
794	7001.3	0.59	3293722.9	3149006.2	81.7	38.0
795	7018.1	0.59	3293722.9	3149007.5	81.7	38.0
796	7026.7	0.41	3293722.9	3149008.1	81.7	38.0
797	7035.1	0.47	3293722.8	3149009.0	81.7	38.0
798	7043.6	0.66	3293722.8	3149009.0	81.7	38.0
799	7052.2	0.46	3293722.8	3149008.7	81.7	38.0
800	7060.7	0.53	3293722.8	3149007.9	81.7	38.0
801	7069.1	0.81	3293722.8	3149007.8	81.7	38.0
802	7077.7	0.41	3293722.7	3149007.9	81.7	38.0
803	7086.2	0.37	3293722.7	3149008.3	81.7	38.0
804	7094.6	0.53	3293722.7	3149008.9	81.7	38.0
805	7103.2	0.66	3293722.7	3149009.7	81.7	38.0
806	7111.6	1.45	3293722.6	3149011.2	81.8	38.0
807	7120.1	0.44	3293722.6	3149011.5	81.8	38.0
808	7128.7	0.28	3293722.6	3149011.2	81.8	38.0
809	7137.1	0.33	3293722.6	3149011.0	81.8	38.0
810	7145.5	0.76	3293722.6	3149011.1	81.8	38.0
811	7153.9	0.37	3293722.5	3149011.1	81.8	38.0
812	7162.3	0.25	3293722.5	3149011.2	81.8	38.0
813	7170.7	0.31	3293722.5	3149011.3	81.8	38.0
814	7179.1	0.62	3293722.5	3149011.3	81.8	38.0
815	7187.5	0.30	3293722.5	3149011.3	81.8	38.0
816	7195.9	0.25	3293722.5	3149011.1	81.8	38.0
817	7204.3	0.34	3293722.5	3149010.9	81.8	38.0
818	7212.7	0.35	3293722.5	3149010.4	81.8	38.0
819	7221.1	0.30	3293722.5	3149010.1	81.8	38.0
820	7229.5	0.30	3293722.5	3149009.6	81.8	38.0
821	7237.9	0.34	3293722.4	3149009.2	81.8	38.0
822	7246.2	0.24	3293722.4	3149008.9	81.8	38.0
823	7254.6	0.30	3293722.4	3149008.3	81.8	38.0
824	7263.0	0.44	3293722.4	3149007.7	81.8	38.0
825	7271.5	0.27	3293722.4	3149007.5	81.8	38.0
826	7280.0	0.23	3293722.4	3149006.8	81.8	38.0
827	7288.4	0.21	3293722.4	3149006.3	81.8	38.0
828	7297.0	0.49	3293722.4	3149004.4	81.8	38.0
829	7305.5	0.18	3293722.4	3149004.2	81.8	38.0
830	7314.0	0.17	3293722.4	3149004.3	81.8	38.0
831	7322.5	0.28	3293722.4	3149004.0	81.8	38.0
832	7331.0	0.44	3293722.4	3149002.9	81.8	38.0
833	7339.5	0.26	3293722.4	3149002.4	81.8	38.0
834	7348.0	0.20	3293722.4	3149001.1	81.8	38.0
835	7356.4	0.21	3293722.4	3149000.3	81.8	38.0
836	7365.0	0.48	3293722.4	3148998.7	81.8	38.0
837	7373.4	0.16	3293722.4	3148998.9	81.8	38.0
838	7381.9	0.17	3293722.4	3148999.0	81.8	38.0
839	7390.4	0.23	3293722.4	3148998.9	81.8	38.0
840	7398.8	0.35	3293722.3	3148997.8	81.8	38.0
841	7407.2	0.36	3293722.3	3148996.2	81.8	38.0
842	7415.6	0.14	3293722.3	3148996.0	81.8	38.0
843	7424.0	0.16	3293722.3	3148995.6	81.8	38.0
844	7432.4	0.21	3293722.3	3148994.8	81.8	38.0
845	7440.8	0.35	3293722.3	3148992.8	81.8	38.0
846	7449.1	0.18	3293722.3	3148991.8	81.8	38.0
847	7457.5	0.15	3293722.3	3148991.0	81.8	38.0
848	7465.9	0.17	3293722.3	3148990.3	81.8	38.0
849	7474.3	0.35	3293722.3	3148988.9	81.8	38.0
850	7482.7	0.16	3293722.3	3148988.9	81.8	38.0
851	7491.1	0.17	3293722.3	3148988.7	81.8	38.0
852	7499.5	0.19	3293722.3	3148988.3	81.8	38.0
853	7507.9	0.24	3293722.3	3148987.2	81.8	38.0
slurmstepd: error: *** JOB 42456065 ON compute-e-16-198 CANCELLED AT 2019-05-31T13:37:37 ***
