repeat weights method chosen!
3728 valid sequences out of 3728 
44 sites
repeats file exists
memory allocated for repeat weights lines
memory allocated for repeat weights
repeats while loop success!
repeats multiplication successful. process did not fail!
Effective number of samples: 1586.2	(80% identical neighborhood = 1.000 samples)
0.357324
0.258659
0.357324
0.265709
0.265709
0.481405
0.481405
0.357324
0.209357
0.265709
0.265709
0.265709
0.481405
0.514990
0.265709
0.516587
0.275203
0.264396
0.275203
0.514990
0.265709
0.516587
0.357324
0.200000
0.152760
0.357324
0.265709
0.357324
0.357324
0.516587
0.357324
0.265709
0.275203
0.357324
0.357324
0.357324
0.265709
0.275203
0.275203
0.357324
0.357324
0.265709
0.514990
0.265709
0.265709
0.265709
0.514990
0.357324
0.275203
0.481405
0.357324
0.264396
0.275203
0.516587
0.265709
0.516587
0.265709
0.258659
0.481405
0.265709
0.516587
0.228070
0.481405
0.112782
0.152760
0.357324
0.357324
0.265709
0.265709
0.516587
0.275203
0.264396
0.275203
0.481405
0.265709
0.514990
0.514990
0.258659
0.258659
0.265709
0.516587
0.265709
0.514990
0.516587
0.357324
0.265709
0.258659
0.357324
0.516587
0.514990
0.265709
0.481405
0.209357
0.258659
0.275203
0.265709
0.481405
0.481405
0.275203
0.265709
0.265709
0.357324
0.357324
0.357324
0.265709
0.275203
0.265709
0.265709
0.514990
0.357324
0.514990
0.265709
0.265709
0.265709
0.357324
0.209357
0.000000
0.516587
0.062201
0.112782
0.357324
0.481405
0.481405
0.514990
0.357324
0.209357
0.265709
0.264396
0.265709
0.275203
0.516587
0.357324
0.258659
0.481405
0.209357
0.357324
0.265709
0.265709
0.516587
0.265709
0.209357
0.275203
0.481405
0.265709
0.357324
0.275203
0.275203
0.481405
0.481405
0.514990
0.481405
0.516587
0.514990
0.481405
0.275203
0.516587
0.516587
0.228070
0.264396
0.275203
0.258659
0.275203
0.357324
0.275203
0.481405
0.514990
0.265709
0.514990
0.481405
0.516587
0.481405
0.516587
0.275203
0.258659
0.265709
0.265709
0.516587
0.516587
0.157895
0.152760
0.481405
0.357324
0.265709
0.514990
0.514990
0.481405
0.275203
0.516587
0.516587
0.228070
0.157895
0.357324
0.265709
0.357324
0.265709
0.275203
0.357324
0.258659
0.265709
0.357324
0.357324
0.514990
0.481405
0.514990
0.265709
0.481405
0.258659
0.258659
0.275203
0.275203
0.265709
0.514990
0.275203
0.264396
0.275203
0.514990
0.481405
0.357324
0.275203
0.275203
0.357324
0.357324
0.209357
0.265709
0.481405
0.481405
0.357324
0.275203
0.481405
0.481405
0.209357
0.275203
0.265709
0.275203
0.481405
0.265709
0.275203
0.481405
0.514990
0.357324
0.516587
0.258659
0.264396
0.258659
0.481405
0.514990
0.357324
0.516587
0.258659
0.258659
0.275203
0.481405
0.357324
0.357324
0.516587
0.275203
0.275203
0.514990
0.514990
0.516587
0.275203
0.275203
0.514990
0.516587
0.357324
0.516587
0.357324
0.209357
0.258659
0.357324
0.265709
0.265709
0.516587
0.275203
0.264396
0.209357
0.516587
0.275203
0.357324
0.481405
0.357324
0.357324
0.481405
0.514990
0.481405
0.265709
0.481405
0.357324
0.357324
0.481405
0.514990
0.481405
0.357324
0.357324
0.481405
0.481405
0.514990
0.481405
0.357324
0.357324
0.357324
0.357324
0.481405
0.357324
0.481405
0.481405
0.481405
0.265709
0.481405
0.481405
0.264396
0.275203
0.481405
0.514990
0.357324
0.516587
0.357324
0.264396
0.265709
0.481405
0.481405
0.265709
0.516587
0.265709
0.209357
0.481405
0.258659
0.275203
0.516587
0.357324
0.157895
0.258659
0.514990
0.481405
0.265709
0.265709
0.209357
0.275203
0.481405
0.265709
0.516587
0.275203
0.481405
0.357324
0.357324
0.265709
0.357324
0.265709
0.275203
0.481405
0.357324
0.514990
0.265709
0.357324
0.514990
0.258659
0.265709
0.481405
0.516587
0.265709
0.265709
0.275203
0.481405
0.481405
0.258659
0.275203
0.357324
0.265709
0.514990
0.514990
0.265709
0.265709
0.264396
0.258659
0.481405
0.265709
0.357324
0.514990
0.258659
0.209357
0.258659
0.481405
0.357324
0.514990
0.357324
0.514990
0.481405
0.481405
0.481405
0.357324
0.357324
0.516587
0.357324
0.275203
0.275203
0.357324
0.481405
0.357324
0.357324
0.357324
0.265709
0.265709
0.516587
0.516587
0.481405
0.481405
0.275203
0.258659
0.275203
0.514990
0.357324
0.265709
0.258659
0.275203
0.481405
0.481405
0.514990
0.357324
0.516587
0.516587
0.275203
0.357324
0.258659
0.265709
0.275203
0.481405
0.265709
0.514990
0.209357
0.258659
0.258659
0.265709
0.516587
0.357324
0.357324
0.357324
0.357324
0.516587
0.067669
0.357324
0.264396
0.152760
0.481405
0.357324
0.265709
0.481405
0.516587
0.209357
0.481405
0.265709
0.514990
0.357324
0.275203
0.481405
0.481405
0.516587
0.516587
0.357324
0.516587
0.265709
0.264396
0.152760
0.516587
0.357324
0.275203
0.265709
0.275203
0.516587
1.000000
0.000000
0.516587
0.209357
0.152760
0.357324
0.514990
0.265709
0.516587
0.514990
0.258659
0.265709
0.514990
0.516587
0.265709
0.481405
0.357324
0.481405
0.265709
0.357324
0.516587
0.514990
0.514990
0.357324
0.258659
0.265709
0.264396
0.357324
0.265709
0.209357
0.265709
0.265709
0.265709
0.265709
0.357324
0.357324
0.514990
0.514990
0.357324
0.481405
0.481405
0.481405
0.209357
0.275203
0.514990
0.357324
0.209357
0.357324
0.514990
0.516587
0.265709
0.265709
0.516587
0.514990
0.209357
0.258659
0.481405
0.481405
0.265709
0.357324
0.357324
0.265709
0.481405
0.516587
0.514990
0.265709
0.481405
0.258659
0.265709
0.357324
0.357324
0.152760
0.516587
0.481405
0.514990
0.258659
0.481405
0.265709
0.265709
0.514990
0.258659
0.265709
0.265709
0.481405
0.265709
0.265709
0.258659
0.265709
0.265709
0.481405
0.516587
0.357324
0.258659
0.265709
0.265709
0.357324
0.514990
0.481405
0.481405
0.516587
0.264396
0.357324
0.516587
0.516587
0.265709
0.264396
0.357324
0.258659
0.258659
0.481405
0.275203
0.265709
0.514990
0.481405
0.209357
0.258659
0.514990
0.357324
0.516587
0.514990
0.265709
0.209357
0.209357
0.265709
0.481405
0.357324
0.514990
0.357324
0.265709
0.481405
0.514990
0.514990
0.514990
0.275203
0.481405
0.481405
0.265709
0.275203
0.516587
0.514990
0.265709
0.258659
0.209357
0.265709
0.514990
0.481405
0.258659
0.275203
0.516587
0.514990
0.209357
0.209357
0.516587
0.514990
0.481405
0.357324
0.265709
0.209357
0.357324
0.516587
0.516587
0.481405
0.264396
0.275203
0.481405
0.258659
0.275203
0.514990
0.357324
0.481405
0.275203
0.258659
0.275203
0.265709
0.481405
0.357324
0.481405
0.265709
0.514990
0.357324
0.481405
0.516587
0.514990
0.516587
0.514990
0.481405
0.481405
0.516587
0.514990
0.265709
0.275203
0.258659
0.514990
0.357324
0.275203
0.514990
0.357324
0.265709
0.275203
0.275203
0.275203
0.514990
0.481405
0.481405
0.265709
0.258659
0.481405
0.481405
0.481405
0.275203
0.514990
0.275203
0.357324
0.357324
0.481405
0.265709
0.481405
0.514990
0.275203
0.209357
0.481405
0.265709
0.516587
0.516587
0.357324
0.265709
0.265709
0.357324
0.516587
0.265709
0.264396
0.264396
0.265709
0.481405
0.275203
0.258659
0.514990
0.481405
0.258659
0.481405
0.514990
0.481405
0.481405
0.481405
0.357324
0.275203
0.275203
0.275203
0.265709
0.516587
0.357324
0.264396
0.275203
0.357324
0.357324
0.265709
0.514990
0.481405
0.357324
0.265709
0.258659
0.258659
0.275203
0.481405
0.514990
0.481405
0.258659
0.275203
0.275203
0.481405
0.516587
0.357324
0.209357
0.357324
0.481405
0.357324
0.264396
0.481405
0.481405
0.357324
0.258659
0.275203
0.275203
0.265709
0.514990
0.357324
0.481405
0.275203
0.209357
0.275203
0.275203
0.514990
0.481405
0.481405
0.275203
0.258659
0.275203
0.265709
0.514990
0.265709
0.275203
0.275203
0.258659
0.516587
0.481405
0.264396
0.481405
0.514990
0.275203
0.209357
0.514990
0.516587
0.275203
0.264396
0.357324
0.258659
0.258659
0.516587
0.357324
0.481405
0.258659
0.209357
0.275203
0.265709
0.516587
0.514990
0.514990
0.357324
0.514990
0.357324
0.514990
0.275203
0.481405
0.357324
0.514990
0.209357
0.258659
0.275203
0.265709
0.514990
0.481405
0.357324
0.258659
0.258659
0.514990
0.481405
0.265709
0.258659
0.275203
0.265709
0.514990
0.516587
0.357324
0.265709
0.265709
0.209357
0.265709
0.357324
0.481405
0.514990
0.514990
0.516587
0.357324
0.514990
0.275203
0.357324
0.209357
0.265709
0.516587
0.514990
0.514990
0.514990
0.357324
0.481405
0.357324
0.264396
0.357324
0.258659
0.514990
0.481405
0.209357
0.209357
0.514990
0.357324
0.481405
0.481405
0.264396
0.157895
0.209357
0.152760
0.357324
0.514990
0.516587
0.357324
0.209357
0.265709
0.357324
0.481405
0.258659
0.481405
0.265709
0.357324
0.481405
0.516587
0.481405
0.258659
0.514990
0.516587
0.514990
0.514990
0.516587
0.000000
0.157895
0.275203
0.481405
0.112782
0.112782
0.000000
0.000000
0.000000
0.357324
0.368421
0.000000
0.067669
0.228070
0.067669
0.481405
0.516587
0.265709
0.275203
0.275203
0.265709
0.275203
0.357324
0.357324
0.275203
0.357324
0.481405
0.516587
0.481405
0.481405
0.357324
0.275203
0.209357
0.264396
0.275203
0.357324
0.357324
0.481405
0.514990
0.481405
0.357324
0.357324
0.265709
0.265709
0.209357
0.357324
0.357324
0.481405
0.265709
0.516587
0.258659
0.258659
0.275203
0.265709
0.209357
0.514990
0.514990
0.258659
0.265709
0.516587
0.481405
0.357324
0.265709
0.357324
0.516587
0.265709
0.265709
0.258659
0.357324
0.275203
0.357324
0.514990
0.516587
0.275203
0.357324
0.357324
0.275203
0.258659
0.516587
0.514990
0.481405
0.275203
0.275203
0.357324
0.481405
0.481405
0.357324
0.481405
0.481405
0.357324
0.481405
0.357324
0.067669
0.112782
0.062201
0.062201
0.112782
0.052632
0.112782
0.514990
0.275203
0.481405
0.357324
0.516587
0.514990
0.265709
0.275203
0.275203
0.514990
0.357324
0.258659
0.516587
0.481405
0.275203
0.258659
0.265709
0.258659
0.514990
0.481405
0.514990
0.481405
0.516587
0.062201
0.481405
0.481405
0.265709
0.275203
0.481405
0.265709
0.265709
0.265709
0.514990
0.357324
0.481405
0.265709
0.481405
0.357324
0.357324
0.265709
0.514990
0.357324
0.357324
0.514990
0.357324
0.516587
0.481405
0.357324
0.265709
0.516587
0.516587
0.357324
0.265709
0.265709
0.275203
0.265709
0.514990
0.265709
0.516587
0.265709
0.264396
0.481405
0.481405
0.514990
0.481405
0.357324
0.265709
0.514990
0.514990
0.481405
0.481405
0.514990
0.265709
0.265709
0.265709
0.514990
0.265709
0.357324
0.481405
0.265709
0.481405
0.357324
0.357324
0.275203
0.481405
0.514990
0.258659
0.209357
0.481405
0.265709
0.516587
0.481405
0.265709
0.265709
0.481405
0.514990
0.514990
0.275203
0.265709
0.275203
0.481405
0.275203
0.481405
0.514990
0.357324
0.357324
0.357324
0.265709
0.265709
0.157895
0.481405
0.357324
0.357324
0.516587
0.368421
0.265709
0.516587
0.228070
0.516587
0.481405
0.514990
0.265709
0.514990
0.514990
0.481405
0.265709
0.258659
0.481405
0.516587
0.265709
0.258659
0.265709
0.516587
0.516587
0.514990
0.275203
0.275203
0.258659
0.157895
0.357324
0.357324
0.275203
0.516587
0.357324
0.514990
0.275203
0.209357
0.357324
0.516587
0.357324
0.481405
0.516587
0.357324
0.357324
0.357324
0.275203
0.275203
0.357324
0.258659
0.275203
0.357324
0.357324
0.516587
0.516587
0.209357
0.275203
0.275203
0.514990
0.265709
0.481405
0.516587
0.481405
0.258659
0.275203
0.481405
0.265709
0.514990
0.481405
0.265709
0.275203
0.357324
0.265709
0.516587
0.481405
0.481405
0.258659
0.265709
0.481405
0.481405
0.265709
0.514990
0.481405
0.275203
0.357324
0.481405
0.481405
0.265709
0.357324
0.265709
0.514990
0.481405
0.514990
0.516587
0.157895
0.514990
0.265709
0.481405
0.514990
0.481405
0.357324
0.264396
0.275203
0.265709
0.516587
0.514990
0.265709
0.258659
0.275203
0.265709
0.516587
0.514990
0.265709
0.265709
0.514990
0.481405
0.265709
0.275203
0.357324
0.357324
0.265709
0.209357
0.516587
0.481405
0.357324
0.258659
0.152760
0.258659
0.265709
0.357324
0.481405
0.357324
0.265709
0.209357
0.258659
0.258659
0.481405
0.112782
0.062201
0.112782
0.368421
0.157895
0.516587
0.514990
0.481405
0.275203
0.275203
0.516587
0.357324
0.516587
0.514990
0.516587
0.264396
0.265709
0.481405
0.275203
0.357324
0.514990
0.514990
0.265709
0.265709
0.481405
0.514990
0.516587
0.357324
0.481405
0.152760
0.275203
0.258659
0.209357
0.481405
0.516587
0.357324
0.265709
0.275203
0.514990
0.062201
0.514990
0.514990
0.265709
0.357324
0.481405
0.514990
0.516587
0.264396
0.228070
0.228070
0.368421
0.112782
0.357324
0.516587
0.516587
0.275203
0.357324
0.357324
0.514990
0.481405
0.357324
0.514990
0.275203
0.481405
0.357324
0.275203
0.516587
0.357324
0.357324
0.514990
0.481405
0.516587
0.516587
0.157895
0.258659
0.481405
0.357324
0.258659
0.516587
0.481405
0.209357
0.357324
0.514990
0.052632
0.357324
0.514990
0.357324
0.258659
0.265709
0.357324
0.265709
0.516587
0.357324
0.265709
0.275203
0.357324
0.516587
0.516587
0.264396
0.258659
0.357324
0.516587
0.275203
0.481405
0.265709
0.209357
0.357324
0.481405
0.514990
0.275203
0.275203
0.265709
0.265709
0.357324
0.275203
0.481405
0.357324
0.265709
0.514990
0.516587
0.514990
0.481405
0.258659
0.265709
0.481405
0.264396
0.357324
0.481405
0.258659
0.357324
0.481405
0.152760
0.258659
0.265709
0.357324
0.357324
0.514990
0.516587
0.357324
0.516587
0.265709
0.209357
0.275203
0.258659
0.209357
0.258659
0.516587
0.357324
0.265709
0.481405
0.152760
0.265709
0.514990
0.357324
0.481405
0.275203
0.481405
0.516587
0.516587
0.481405
0.357324
0.209357
0.357324
0.514990
0.228070
0.516587
0.275203
0.275203
0.258659
0.481405
0.265709
0.258659
0.265709
0.481405
0.481405
0.514990
0.514990
0.516587
0.275203
0.258659
0.264396
0.516587
0.265709
0.481405
0.357324
0.357324
0.264396
0.514990
0.514990
0.481405
0.481405
0.481405
0.265709
0.481405
0.357324
0.265709
0.516587
0.481405
0.357324
0.514990
0.265709
0.514990
0.265709
0.258659
0.275203
0.265709
0.209357
0.481405
0.200000
0.152760
0.357324
0.357324
0.258659
0.514990
0.481405
0.258659
0.265709
0.481405
0.516587
0.265709
0.516587
0.265709
0.258659
0.265709
0.516587
0.514990
0.481405
0.481405
0.258659
0.258659
0.275203
0.265709
0.516587
0.209357
0.275203
0.258659
0.516587
0.200000
0.258659
0.157895
0.112782
0.112782
0.265709
0.112782
0.275203
0.516587
0.481405
0.357324
0.265709
0.357324
0.265709
0.258659
0.481405
0.265709
0.275203
0.265709
0.275203
0.357324
0.275203
0.275203
0.514990
0.357324
0.514990
0.516587
0.514990
0.514990
0.514990
0.357324
0.516587
0.265709
0.481405
0.514990
0.264396
0.357324
0.514990
0.200000
0.357324
0.516587
0.258659
0.265709
0.357324
0.157895
0.514990
0.209357
0.264396
0.265709
0.514990
0.265709
0.514990
0.265709
0.481405
0.275203
0.258659
0.258659
0.275203
0.514990
0.209357
0.209357
0.209357
0.258659
0.209357
0.516587
0.516587
0.514990
0.209357
0.265709
0.357324
0.514990
0.514990
0.357324
0.275203
0.275203
0.516587
0.516587
0.209357
0.357324
0.516587
0.357324
0.258659
0.275203
0.275203
0.265709
0.481405
0.481405
0.357324
0.514990
0.481405
0.516587
0.357324
0.481405
0.357324
0.357324
0.481405
0.357324
0.265709
0.357324
0.514990
0.357324
0.275203
0.275203
0.357324
0.357324
0.275203
0.275203
0.514990
0.481405
0.516587
0.514990
0.357324
0.265709
0.209357
0.258659
0.357324
0.265709
0.264396
0.514990
0.357324
0.275203
0.514990
0.357324
0.265709
0.357324
0.258659
0.275203
0.265709
0.481405
0.357324
0.265709
0.265709
0.514990
0.481405
0.481405
0.357324
0.357324
0.481405
0.514990
0.514990
0.514990
0.481405
0.357324
0.357324
0.275203
0.516587
0.516587
0.481405
0.481405
0.265709
0.481405
0.481405
0.264396
0.258659
0.275203
0.275203
0.275203
0.265709
0.481405
0.481405
0.275203
0.514990
0.481405
0.514990
0.481405
0.514990
0.481405
0.258659
0.514990
0.357324
0.514990
0.514990
0.514990
0.357324
0.481405
0.481405
0.514990
0.516587
0.265709
0.275203
0.275203
0.275203
0.516587
1.000000
0.516587
0.052632
0.157895
0.265709
0.481405
0.265709
0.209357
0.481405
0.514990
0.265709
0.516587
0.209357
0.209357
0.209357
0.275203
0.209357
0.481405
0.357324
0.275203
0.357324
0.357324
0.481405
0.481405
0.275203
0.357324
0.481405
0.481405
0.265709
0.357324
0.481405
0.275203
0.209357
0.357324
0.275203
0.516587
0.481405
0.514990
0.265709
0.265709
0.481405
0.481405
0.357324
0.514990
0.481405
0.265709
0.265709
0.357324
0.265709
0.514990
0.481405
0.357324
0.516587
0.514990
0.481405
0.516587
0.514990
0.357324
0.275203
0.357324
0.258659
0.357324
0.516587
0.000000
0.516587
0.368421
0.516587
0.516587
0.514990
0.516587
0.481405
0.481405
0.516587
0.481405
0.209357
0.357324
0.514990
0.514990
0.357324
0.514990
0.357324
0.275203
0.265709
0.265709
0.516587
0.265709
0.157895
0.152760
0.481405
0.357324
0.275203
0.265709
0.516587
0.514990
0.265709
0.265709
0.514990
0.265709
0.265709
0.514990
0.357324
0.481405
0.357324
0.516587
0.265709
0.264396
0.357324
0.265709
0.481405
0.516587
0.265709
0.275203
0.258659
0.481405
0.265709
0.516587
0.265709
0.357324
0.481405
0.516587
0.152760
0.357324
0.265709
0.265709
0.516587
0.357324
0.265709
0.265709
0.514990
0.357324
0.265709
0.514990
0.275203
0.265709
0.265709
0.516587
0.052632
0.516587
0.112782
0.157895
0.481405
0.357324
0.275203
0.516587
0.514990
0.481405
0.516587
0.357324
0.357324
0.516587
0.516587
0.516587
0.265709
0.516587
0.514990
0.265709
0.357324
0.275203
0.258659
0.514990
0.481405
0.275203
0.514990
0.357324
0.516587
0.258659
0.209357
0.258659
0.514990
0.481405
0.514990
0.265709
0.209357
0.357324
0.275203
0.265709
0.368421
0.516587
0.062201
0.157895
0.357324
0.357324
0.265709
0.481405
0.209357
0.275203
0.275203
0.265709
0.481405
0.357324
0.481405
0.481405
0.258659
0.265709
0.516587
0.516587
0.265709
0.516587
0.357324
0.357324
0.516587
0.516587
0.152760
0.481405
0.265709
0.265709
0.265709
0.275203
0.258659
0.357324
0.516587
0.265709
0.516587
0.357324
0.357324
0.275203
0.481405
0.357324
0.275203
0.481405
0.265709
0.357324
0.357324
0.157895
0.152760
0.357324
0.357324
0.258659
0.516587
0.514990
0.357324
0.481405
0.514990
0.514990
0.481405
0.264396
0.516587
0.265709
0.275203
0.275203
0.265709
0.357324
0.514990
0.265709
0.357324
0.481405
0.258659
0.275203
0.275203
0.481405
0.258659
0.112782
0.209357
0.357324
0.265709
0.265709
0.516587
0.514990
0.209357
0.357324
0.357324
0.265709
0.516587
0.481405
0.481405
0.357324
0.514990
0.516587
0.481405
0.481405
0.516587
0.265709
0.275203
0.516587
0.265709
0.516587
0.514990
0.357324
0.516587
0.516587
0.516587
0.514990
0.265709
0.481405
0.516587
0.516587
0.514990
0.258659
0.258659
0.258659
0.265709
0.481405
0.516587
0.481405
0.209357
0.481405
0.516587
0.514990
0.275203
0.265709
0.265709
0.516587
0.265709
0.157895
0.264396
0.481405
0.258659
0.357324
0.516587
0.516587
0.357324
0.357324
0.516587
0.357324
0.516587
0.516587
0.258659
0.514990
0.516587
0.265709
0.275203
0.265709
0.152760
0.481405
0.357324
0.209357
0.265709
0.516587
0.481405
0.265709
0.514990
0.265709
0.481405
0.481405
0.275203
0.514990
0.357324
0.357324
0.514990
0.275203
0.275203
0.275203
0.275203
0.265709
0.265709
0.062201
0.152760
0.481405
0.357324
0.357324
0.481405
0.516587
0.265709
0.157895
0.258659
0.514990
0.265709
0.516587
0.481405
0.357324
0.357324
0.481405
0.516587
0.265709
0.264396
0.209357
0.275203
0.481405
0.275203
0.357324
0.258659
0.275203
0.265709
0.357324
0.514990
0.514990
0.516587
0.514990
0.481405
0.275203
0.275203
0.209357
0.516587
0.481405
0.514990
0.265709
0.258659
0.514990
0.514990
0.481405
0.265709
0.481405
0.265709
0.258659
0.265709
0.516587
0.275203
0.258659
0.265709
0.516587
0.516587
0.514990
0.265709
0.275203
0.265709
0.275203
0.265709
0.357324
0.112782
0.112782
0.265709
0.357324
0.265709
0.514990
0.275203
0.209357
0.258659
0.514990
0.275203
0.516587
0.516587
0.514990
0.265709
0.209357
0.357324
0.357324
0.275203
0.265709
0.357324
0.209357
0.516587
0.514990
0.258659
0.357324
0.275203
0.516587
0.516587
0.275203
0.258659
0.209357
0.357324
0.481405
0.516587
0.514990
0.275203
0.265709
0.275203
0.265709
0.265709
0.516587
0.516587
0.275203
0.265709
0.265709
0.265709
0.264396
0.481405
0.357324
0.275203
0.357324
0.357324
0.514990
0.481405
0.357324
0.265709
0.275203
0.275203
0.357324
0.514990
0.265709
0.516587
0.481405
0.357324
0.258659
0.265709
0.152760
0.514990
0.228070
0.516587
0.357324
0.481405
0.481405
0.357324
0.514990
0.275203
0.264396
0.516587
0.357324
0.265709
0.209357
0.275203
0.357324
0.516587
0.481405
0.514990
0.481405
0.357324
0.357324
0.357324
0.258659
0.516587
0.514990
0.357324
0.265709
0.264396
0.209357
0.514990
0.357324
0.357324
0.265709
0.258659
0.265709
0.357324
0.265709
0.265709
0.357324
0.275203
0.357324
0.258659
0.275203
0.209357
0.514990
0.357324
0.357324
0.152760
0.258659
0.265709
0.357324
0.357324
0.265709
0.481405
0.265709
0.514990
0.357324
0.265709
0.265709
0.516587
0.265709
0.275203
0.357324
0.516587
0.265709
0.516587
0.514990
0.152760
0.357324
0.516587
0.516587
0.258659
0.357324
0.516587
0.275203
0.357324
0.357324
0.265709
0.275203
0.514990
0.516587
0.265709
0.481405
0.258659
0.357324
0.514990
0.481405
0.514990
0.258659
0.275203
0.481405
0.514990
0.514990
0.516587
0.357324
0.258659
0.514990
0.357324
0.481405
0.368421
0.275203
0.209357
0.258659
0.275203
0.357324
0.265709
0.275203
0.516587
0.357324
0.481405
0.275203
0.516587
0.481405
0.357324
0.481405
0.357324
0.275203
0.275203
0.357324
0.516587
0.516587
0.516587
0.275203
0.265709
0.209357
0.265709
0.481405
0.516587
0.357324
0.265709
0.481405
0.481405
0.265709
0.265709
0.062201
0.357324
0.357324
0.514990
0.481405
0.264396
0.357324
0.516587
0.514990
0.265709
0.514990
0.481405
0.275203
0.481405
0.481405
0.516587
0.516587
0.265709
0.264396
0.514990
0.516587
0.514990
0.481405
0.357324
0.265709
0.275203
0.516587
0.481405
0.481405
0.265709
0.357324
0.264396
0.112782
0.357324
0.265709
0.265709
0.357324
0.112782
0.481405
0.357324
0.516587
0.516587
0.357324
0.265709
0.516587
0.112782
0.481405
0.275203
0.258659
0.481405
0.516587
0.516587
0.275203
0.258659
0.265709
0.275203
0.357324
0.516587
0.516587
0.357324
0.357324
0.265709
0.357324
0.112782
0.357324
0.481405
0.357324
0.357324
0.514990
0.481405
0.265709
0.265709
0.514990
0.357324
0.357324
0.258659
0.275203
0.481405
0.481405
0.265709
0.514990
0.265709
0.209357
0.258659
0.481405
0.275203
0.516587
0.357324
0.481405
0.275203
0.516587
0.516587
0.514990
0.357324
0.516587
0.514990
0.265709
0.357324
0.481405
0.275203
0.265709
0.265709
0.516587
0.481405
0.514990
0.275203
0.265709
0.481405
0.514990
0.516587
0.514990
0.258659
0.514990
0.481405
0.481405
0.514990
0.265709
0.152760
0.265709
0.516587
0.516587
0.516587
0.514990
0.112782
0.516587
0.357324
0.514990
0.357324
0.265709
0.265709
0.481405
0.275203
0.275203
0.258659
0.514990
0.357324
0.264396
0.265709
0.357324
0.516587
0.265709
0.264396
0.275203
0.481405
0.265709
0.357324
0.516587
0.265709
0.258659
0.516587
0.275203
0.275203
0.265709
0.209357
0.357324
0.514990
0.258659
0.357324
0.357324
0.514990
0.481405
0.516587
0.357324
0.357324
0.481405
0.275203
0.357324
0.275203
0.481405
0.514990
0.514990
0.481405
0.357324
0.275203
0.514990
0.514990
0.516587
0.258659
0.265709
0.514990
0.514990
0.514990
0.258659
0.514990
0.481405
0.516587
0.481405
0.275203
0.265709
0.265709
0.357324
0.357324
0.357324
0.481405
0.157895
0.258659
0.157895
0.357324
0.481405
0.481405
0.209357
0.514990
0.481405
0.481405
0.264396
0.357324
0.514990
0.275203
0.357324
0.481405
0.514990
0.265709
0.357324
0.265709
0.265709
0.357324
0.357324
0.265709
0.481405
0.514990
0.357324
0.209357
0.265709
0.275203
0.516587
0.516587
0.157895
0.264396
0.275203
0.357324
0.265709
0.514990
0.481405
0.514990
0.265709
0.275203
0.357324
0.516587
0.200000
0.067669
0.516587
0.357324
0.514990
0.265709
0.258659
0.514990
0.481405
0.514990
0.481405
0.514990
0.357324
0.275203
0.514990
0.265709
0.265709
0.357324
0.357324
0.516587
0.357324
0.481405
0.514990
0.275203
0.481405
0.265709
0.357324
0.357324
0.265709
0.258659
0.516587
0.258659
0.275203
0.209357
0.514990
0.357324
0.516587
0.516587
0.481405
0.264396
0.357324
0.514990
0.514990
0.265709
0.357324
0.516587
0.481405
0.264396
0.258659
0.516587
0.265709
0.357324
0.265709
0.265709
0.275203
0.265709
0.514990
0.516587
0.265709
0.112782
0.514990
0.357324
0.481405
0.258659
0.357324
0.357324
0.514990
0.481405
0.516587
0.152760
0.357324
0.516587
0.481405
0.514990
0.514990
0.481405
0.052632
0.514990
0.516587
0.516587
0.514990
0.062201
0.516587
0.265709
0.264396
0.209357
0.481405
0.481405
0.275203
0.481405
0.357324
0.275203
0.265709
0.265709
0.516587
0.357324
0.275203
0.516587
0.514990
0.514990
0.514990
0.258659
0.275203
0.514990
0.265709
0.209357
0.275203
0.265709
0.481405
0.265709
0.514990
0.516587
0.481405
0.265709
0.516587
0.516587
0.265709
0.265709
0.265709
0.516587
0.157895
0.264396
0.481405
0.357324
0.275203
0.275203
0.357324
0.265709
0.514990
0.481405
0.514990
0.514990
0.481405
0.258659
0.265709
0.265709
0.357324
0.200000
0.516587
0.275203
0.481405
0.357324
0.265709
0.357324
0.275203
0.265709
0.357324
0.357324
0.514990
0.516587
0.481405
0.265709
0.357324
0.357324
0.258659
0.481405
0.514990
0.275203
0.481405
0.357324
0.514990
0.481405
0.357324
0.265709
0.516587
0.265709
0.357324
0.265709
0.357324
0.258659
0.265709
0.516587
0.357324
0.516587
0.258659
0.209357
0.275203
0.516587
0.481405
0.514990
0.265709
0.481405
0.514990
0.514990
0.481405
0.514990
0.516587
0.514990
0.265709
0.275203
0.265709
0.516587
0.514990
0.516587
0.265709
0.265709
0.275203
0.357324
0.265709
0.265709
0.516587
0.157895
0.481405
0.516587
0.357324
0.265709
0.357324
0.516587
0.357324
0.516587
0.258659
0.157895
0.357324
0.265709
0.514990
0.514990
0.514990
0.209357
0.357324
0.516587
0.516587
0.481405
0.481405
0.275203
0.275203
0.481405
0.516587
0.258659
0.209357
0.209357
0.357324
0.265709
0.514990
0.516587
0.481405
0.265709
0.357324
0.357324
0.265709
0.514990
0.357324
0.514990
0.514990
0.481405
0.275203
0.481405
0.514990
0.357324
0.516587
0.514990
0.357324
0.209357
0.516587
0.481405
0.357324
0.368421
0.516587
0.481405
0.357324
0.264396
0.265709
0.357324
0.516587
0.481405
0.516587
0.357324
0.265709
0.265709
0.265709
0.516587
0.265709
0.152760
0.152760
0.357324
0.357324
0.265709
0.357324
0.265709
0.265709
0.357324
0.265709
0.514990
0.357324
0.481405
0.265709
0.357324
0.275203
0.258659
0.481405
0.514990
0.152760
0.275203
0.265709
0.516587
0.265709
0.514990
0.357324
0.514990
0.516587
0.516587
0.516587
0.481405
0.265709
0.264396
0.258659
0.514990
0.265709
0.275203
0.481405
0.514990
0.357324
0.516587
0.516587
0.209357
0.258659
0.516587
0.052632
0.516587
0.275203
0.265709
0.357324
0.357324
0.516587
0.200000
0.516587
0.264396
0.264396
0.265709
0.481405
0.481405
0.357324
0.209357
0.275203
0.275203
0.265709
0.514990
0.481405
0.516587
0.514990
0.265709
0.275203
0.275203
0.258659
0.357324
0.514990
0.357324
0.357324
0.265709
0.275203
0.258659
0.265709
0.516587
0.357324
0.265709
0.275203
0.265709
0.514990
0.052632
0.516587
0.265709
0.357324
0.516587
0.152760
0.357324
0.265709
0.152760
0.481405
0.516587
0.514990
0.265709
0.275203
0.265709
0.357324
0.481405
0.265709
0.357324
0.514990
0.481405
0.275203
0.357324
0.357324
0.514990
0.481405
0.516587
0.357324
0.209357
0.357324
0.275203
0.516587
0.357324
0.265709
0.275203
0.357324
0.357324
0.481405
0.275203
0.265709
0.357324
0.265709
0.265709
0.516587
0.275203
0.357324
0.265709
0.265709
0.265709
0.514990
0.516587
0.157895
0.481405
0.481405
0.265709
0.516587
0.514990
0.516587
0.275203
0.265709
0.265709
0.514990
0.514990
0.481405
0.481405
0.265709
0.481405
0.357324
0.516587
0.516587
0.265709
0.481405
0.481405
0.516587
0.275203
0.516587
0.265709
0.258659
0.265709
0.481405
0.516587
0.514990
0.357324
0.514990
0.516587
0.357324
0.258659
0.275203
0.357324
0.258659
0.514990
0.481405
0.265709
0.514990
0.516587
0.481405
0.357324
0.481405
0.275203
0.357324
0.516587
0.265709
0.481405
0.265709
0.357324
0.357324
0.514990
0.516587
0.258659
0.157895
0.258659
0.209357
0.209357
0.514990
0.516587
0.265709
0.265709
0.265709
0.357324
0.514990
0.481405
0.265709
0.258659
0.264396
0.209357
0.209357
0.357324
0.481405
0.481405
0.357324
0.481405
0.514990
0.514990
0.514990
0.516587
0.481405
0.265709
0.514990
0.258659
0.265709
0.481405
0.264396
0.265709
0.481405
0.516587
0.514990
0.516587
0.357324
0.275203
0.357324
0.357324
0.516587
0.516587
0.357324
0.357324
0.275203
0.265709
0.258659
0.516587
0.209357
0.357324
0.264396
0.481405
0.152760
0.152760
0.481405
0.357324
0.357324
0.265709
0.264396
0.481405
0.481405
0.258659
0.157895
0.209357
0.514990
0.514990
0.357324
0.209357
0.258659
0.265709
0.264396
0.481405
0.265709
0.258659
0.265709
0.265709
0.275203
0.357324
0.514990
0.481405
0.209357
0.265709
0.265709
0.258659
0.265709
0.514990
0.481405
0.265709
0.264396
0.275203
0.258659
0.481405
0.265709
0.265709
0.275203
0.357324
0.275203
0.481405
0.514990
0.357324
0.357324
0.265709
0.357324
0.275203
0.481405
0.514990
0.357324
0.357324
0.275203
0.275203
0.357324
0.516587
0.265709
0.357324
0.357324
0.514990
0.357324
0.481405
0.357324
0.357324
0.481405
0.481405
0.264396
0.357324
0.265709
0.275203
0.200000
0.514990
0.481405
0.514990
0.481405
0.514990
0.516587
0.514990
0.481405
0.275203
0.357324
0.481405
0.481405
0.514990
0.357324
0.357324
0.357324
0.275203
0.357324
0.514990
0.516587
0.481405
0.481405
0.265709
0.357324
0.357324
0.481405
0.516587
0.357324
0.481405
0.514990
0.516587
0.265709
0.514990
0.265709
0.265709
0.357324
0.275203
0.264396
0.514990
0.265709
0.516587
0.265709
0.275203
0.275203
0.481405
0.357324
0.514990
0.514990
0.258659
0.481405
0.514990
0.516587
0.514990
0.516587
0.481405
0.481405
0.258659
0.275203
0.516587
0.258659
0.152760
0.152760
0.357324
0.265709
0.357324
0.514990
0.516587
0.514990
0.275203
0.275203
0.357324
0.265709
0.481405
0.357324
0.265709
0.481405
0.481405
0.265709
0.258659
0.481405
0.516587
0.514990
0.275203
0.275203
0.265709
0.357324
0.516587
0.481405
0.516587
0.265709
0.258659
0.275203
0.265709
0.357324
0.514990
0.357324
0.112782
0.209357
0.275203
0.265709
0.152760
0.265709
0.265709
0.258659
0.275203
0.209357
0.264396
0.516587
0.357324
0.258659
0.275203
0.514990
0.481405
0.516587
0.258659
0.357324
0.357324
0.481405
0.265709
0.275203
0.357324
0.516587
0.481405
0.514990
0.275203
0.265709
0.275203
0.357324
0.516587
0.481405
0.275203
0.514990
0.357324
0.275203
0.258659
0.514990
0.481405
0.265709
0.112782
0.152760
0.265709
0.265709
0.265709
0.067669
0.516587
0.209357
0.275203
0.265709
0.357324
0.275203
0.514990
0.357324
0.209357
0.481405
0.357324
0.516587
0.265709
0.265709
0.516587
0.516587
0.514990
0.516587
0.265709
0.357324
0.481405
0.357324
0.275203
0.265709
0.357324
0.481405
0.481405
0.357324
0.514990
0.275203
0.275203
0.514990
0.265709
0.516587
0.258659
0.264396
0.357324
0.357324
0.265709
0.481405
0.275203
0.265709
0.514990
0.514990
0.265709
0.357324
0.481405
0.481405
0.265709
0.357324
0.481405
0.357324
0.481405
0.514990
0.357324
0.209357
0.357324
0.516587
0.514990
0.357324
0.265709
0.200000
0.265709
0.357324
0.357324
0.357324
0.481405
0.265709
0.357324
0.516587
0.514990
0.481405
0.481405
0.265709
0.275203
0.265709
0.357324
0.514990
0.514990
0.275203
0.209357
0.258659
0.514990
0.357324
0.258659
0.516587
0.357324
0.481405
0.275203
0.514990
0.357324
0.481405
0.481405
0.481405
0.265709
0.514990
0.265709
0.265709
0.265709
0.514990
0.481405
0.265709
0.481405
0.481405
0.265709
0.516587
0.514990
0.481405
0.275203
0.265709
0.516587
0.265709
0.275203
0.514990
0.481405
0.514990
0.265709
0.152760
0.258659
0.514990
0.481405
0.265709
0.481405
0.357324
0.516587
0.052632
0.516587
0.275203
0.112782
0.264396
0.264396
0.264396
0.516587
0.264396
0.258659
0.258659
0.258659
0.275203
0.264396
0.514990
0.357324
0.275203
0.264396
0.264396
0.265709
0.275203
0.516587
0.481405
0.209357
0.258659
0.514990
0.481405
0.516587
0.516587
0.258659
0.112782
0.514990
0.514990
0.275203
0.265709
0.357324
0.265709
0.275203
0.265709
0.258659
0.265709
0.258659
0.357324
0.357324
0.514990
0.481405
0.275203
0.481405
0.481405
0.357324
0.265709
0.357324
0.481405
0.357324
0.481405
0.516587
0.265709
0.258659
0.265709
0.514990
0.514990
0.481405
0.265709
0.481405
0.357324
0.265709
0.516587
0.258659
0.514990
0.481405
0.516587
0.516587
0.481405
0.265709
0.357324
0.514990
0.516587
0.481405
0.516587
0.357324
0.357324
0.258659
0.357324
0.516587
0.209357
0.516587
0.514990
0.264396
0.265709
0.481405
0.265709
0.357324
0.516587
0.514990
0.275203
0.357324
0.264396
0.275203
0.209357
0.481405
0.357324
0.516587
0.516587
0.514990
0.516587
0.516587
0.265709
0.265709
0.514990
0.481405
0.514990
0.481405
0.514990
0.265709
0.481405
0.152760
0.357324
0.481405
0.265709
0.265709
0.265709
0.514990
0.275203
0.514990
0.275203
0.357324
0.258659
0.275203
0.275203
0.516587
0.514990
0.275203
0.357324
0.258659
0.265709
0.275203
0.516587
0.516587
0.265709
0.275203
0.265709
0.516587
0.514990
0.275203
0.275203
0.514990
0.481405
0.514990
0.514990
0.516587
0.514990
0.275203
0.275203
0.209357
0.514990
0.481405
0.514990
0.357324
0.265709
0.514990
0.481405
0.516587
0.516587
0.514990
0.265709
0.265709
0.152760
0.265709
0.481405
0.516587
0.514990
0.258659
0.265709
0.265709
0.265709
0.516587
0.516587
0.481405
0.357324
0.275203
0.258659
0.514990
0.357324
0.481405
0.514990
0.275203
0.265709
0.481405
0.514990
0.265709
0.265709
0.275203
0.265709
0.357324
0.357324
0.258659
0.258659
0.357324
0.481405
0.258659
0.275203
0.516587
0.357324
0.481405
0.514990
0.275203
0.258659
0.514990
0.265709
0.275203
0.265709
0.258659
0.516587
0.265709
0.264396
0.264396
0.357324
0.357324
0.265709
0.481405
0.481405
0.209357
0.481405
0.514990
0.516587
0.516587
0.481405
0.481405
0.265709
0.265709
0.275203
0.516587
0.514990
0.264396
0.275203
0.481405
0.265709
0.209357
0.516587
0.209357
0.112782
0.152760
0.265709
0.264396
0.514990
0.481405
0.481405
0.275203
0.265709
0.516587
0.481405
0.275203
0.265709
0.265709
0.275203
0.514990
0.258659
0.265709
0.516587
0.200000
0.357324
0.514990
0.258659
0.275203
0.481405
0.357324
0.514990
0.514990
0.514990
0.516587
0.514990
0.357324
0.275203
0.265709
0.357324
0.275203
0.516587
0.067669
0.209357
0.357324
0.481405
0.357324
0.357324
0.265709
0.357324
0.275203
0.209357
0.157895
0.258659
0.275203
0.258659
0.516587
0.514990
0.275203
0.258659
0.275203
0.481405
0.481405
0.258659
0.265709
0.275203
0.275203
0.514990
0.265709
0.481405
0.357324
0.357324
0.265709
0.357324
0.265709
0.265709
0.258659
0.357324
0.514990
0.357324
0.275203
0.258659
0.209357
0.516587
0.357324
0.516587
0.481405
0.357324
0.357324
0.357324
0.275203
0.264396
0.516587
0.481405
0.516587
0.357324
0.265709
0.258659
0.264396
0.516587
0.516587
0.514990
0.275203
0.481405
0.265709
0.357324
0.265709
0.516587
0.357324
0.275203
0.275203
0.357324
0.275203
0.514990
0.481405
0.357324
0.265709
0.265709
0.209357
0.258659
0.209357
0.481405
0.481405
0.209357
0.265709
0.209357
0.258659
0.258659
0.209357
0.152760
0.514990
0.357324
0.481405
0.516587
0.209357
0.357324
iter	time	cond	fx	-loglk	||h||	||e||
1	3.4	41.10	59385.0	59266.0	43.6	1.0
2	3.8	51.78	56340.0	48472.4	43.6	8.9
3	6.1	33.18	54583.6	47955.9	43.7	8.1
4	6.5	4.01	53815.1	48634.8	43.7	7.2
5	8.9	2.59	53796.4	48648.3	43.7	7.2
6	11.9	1.70	53776.1	48512.4	43.7	7.2
7	15.9	1.35	53768.5	48393.6	43.7	7.3
8	16.3	1.56	53763.6	48335.5	43.8	7.4
9	16.7	1.34	53759.1	48319.8	43.8	7.4
10	17.0	1.70	53746.4	48307.1	43.9	7.4
11	17.5	2.13	53737.8	48300.1	44.1	7.4
12	17.8	1.33	53732.1	48336.3	44.3	7.3
13	18.1	0.49	53730.0	48334.4	44.3	7.3
14	18.5	0.40	53729.5	48341.7	44.3	7.3
15	18.8	0.47	53728.7	48349.9	44.3	7.3
16	19.2	0.90	53726.7	48361.1	44.5	7.3
17	19.6	0.98	53723.8	48370.1	44.8	7.3
18	20.0	1.07	53718.8	48369.0	45.4	7.3
19	20.3	1.63	53714.1	48348.6	46.6	7.3
20	20.6	0.78	53710.5	48331.3	46.7	7.3
21	21.0	0.47	53709.4	48321.1	46.6	7.3
22	21.4	0.41	53708.8	48314.4	46.7	7.3
23	21.7	0.60	53707.5	48301.1	46.8	7.3
24	22.2	0.96	53704.7	48282.2	47.3	7.3
25	22.5	1.08	53700.3	48269.4	48.1	7.4
26	22.9	1.48	53695.1	48271.4	49.8	7.3
27	23.2	0.72	53691.3	48294.6	50.6	7.3
28	23.6	0.32	53690.2	48309.5	50.4	7.3
29	24.0	0.26	53689.8	48319.7	50.3	7.3
30	24.3	0.31	53689.4	48329.0	50.4	7.3
31	24.7	0.39	53688.7	48336.0	50.6	7.3
32	25.1	0.70	53687.5	48337.5	50.9	7.3
33	25.5	0.53	53685.9	48327.4	51.3	7.3
34	25.9	0.48	53684.2	48306.2	51.7	7.3
35	26.2	0.67	53683.7	48296.7	51.9	7.3
36	26.6	0.21	53683.1	48301.4	51.8	7.3
37	26.9	0.18	53682.9	48306.6	51.7	7.3
38	27.3	0.24	53682.7	48316.5	51.7	7.3
39	27.6	0.39	53682.2	48328.4	51.8	7.3
40	28.0	0.52	53681.2	48348.3	52.0	7.3
41	28.4	0.60	53679.9	48352.2	52.3	7.3
42	28.9	0.56	53678.5	48335.8	52.7	7.3
43	29.2	0.41	53677.8	48307.2	52.9	7.3
44	29.5	0.19	53677.5	48301.0	52.8	7.3
45	29.9	0.16	53677.4	48296.8	52.7	7.3
46	30.2	0.25	53677.1	48285.8	52.7	7.3
47	30.5	0.46	53676.5	48274.2	52.7	7.3
48	30.9	0.44	53675.7	48267.7	52.8	7.3
49	31.3	0.34	53674.9	48276.1	53.0	7.3
50	31.7	0.49	53674.6	48297.7	53.3	7.3
51	32.1	0.16	53674.3	48299.6	53.2	7.3
52	32.5	0.12	53674.2	48300.0	53.2	7.3
53	32.9	0.16	53674.1	48300.8	53.2	7.3
54	33.2	0.27	53673.8	48301.6	53.2	7.3
55	33.6	0.39	53673.3	48299.1	53.2	7.3
56	33.9	0.30	53672.8	48297.4	53.3	7.3
57	34.2	0.18	53672.5	48294.4	53.4	7.3
58	34.6	0.21	53672.4	48292.1	53.5	7.3
59	35.0	0.13	53672.3	48292.6	53.5	7.3
60	35.5	0.16	53672.2	48293.7	53.5	7.3
61	35.9	0.30	53671.9	48297.3	53.6	7.3
62	36.2	0.37	53671.5	48300.0	53.7	7.3
63	36.5	0.86	53671.4	48299.9	53.9	7.3
64	36.9	0.25	53670.7	48298.6	54.0	7.3
65	37.3	0.12	53670.6	48295.5	54.0	7.3
66	37.6	0.10	53670.5	48292.2	54.0	7.3
67	38.1	0.11	53670.4	48289.9	54.1	7.3
68	38.4	0.19	53670.3	48285.3	54.2	7.3
69	38.9	0.24	53670.1	48282.6	54.3	7.3
70	39.3	0.22	53669.7	48282.9	54.5	7.3
71	39.6	0.50	53669.6	48291.3	54.8	7.3
72	40.0	0.15	53669.3	48292.4	54.8	7.3
73	40.3	0.07	53669.3	48292.8	54.7	7.3
74	40.7	0.07	53669.3	48293.3	54.7	7.3
75	41.1	0.13	53669.2	48293.7	54.7	7.3
76	41.5	0.21	53669.0	48293.2	54.8	7.3
77	42.0	0.21	53668.9	48291.6	54.9	7.3
78	42.5	0.27	53668.5	48288.2	55.2	7.3
79	43.1	0.15	53668.4	48287.2	55.3	7.3
80	43.4	0.07	53668.3	48287.7	55.4	7.3
81	43.8	0.09	53668.2	48289.1	55.3	7.3
82	44.2	0.09	53668.2	48290.7	55.3	7.3
83	44.5	0.11	53668.1	48293.4	55.4	7.3
84	45.0	0.31	53667.9	48298.9	55.4	7.3
85	45.5	0.21	53667.8	48300.9	55.5	7.3
86	45.8	0.10	53667.7	48296.9	55.5	7.3
87	46.1	0.07	53667.6	48290.5	55.6	7.3
88	46.5	0.07	53667.6	48287.2	55.6	7.3
89	46.9	0.08	53667.6	48281.8	55.6	7.3
90	47.3	0.13	53667.5	48278.1	55.6	7.3
91	47.7	0.11	53667.4	48277.3	55.7	7.3
92	48.1	0.16	53667.3	48281.7	55.8	7.3
93	48.8	0.09	53667.2	48284.9	55.8	7.3
94	49.2	0.05	53667.2	48288.6	55.8	7.3
95	49.5	0.05	53667.2	48290.9	55.8	7.3
96	49.9	0.08	53667.2	48292.0	55.8	7.3
97	50.3	0.08	53667.2	48291.2	55.9	7.3
98	50.7	0.09	53667.1	48288.0	55.9	7.3
99	51.2	0.20	53667.0	48283.8	56.0	7.3
100	51.8	0.09	53667.0	48284.3	56.1	7.3
101	52.2	0.04	53666.9	48286.5	56.1	7.3
102	52.6	0.04	53666.9	48288.0	56.1	7.3
103	53.0	0.08	53666.9	48291.4	56.1	7.3
104	53.3	0.06	53666.9	48292.9	56.1	7.3
105	53.7	0.08	53666.8	48294.4	56.2	7.3
106	54.0	0.12	53666.8	48294.4	56.2	7.3
107	54.6	0.17	53666.8	48291.7	56.3	7.3
108	55.0	0.06	53666.7	48289.7	56.3	7.3
109	55.5	0.04	53666.7	48287.3	56.3	7.3
110	56.2	0.04	53666.7	48286.3	56.3	7.3
111	56.8	0.11	53666.7	48286.2	56.3	7.3
112	57.3	0.06	53666.6	48286.5	56.3	7.3
113	58.1	0.06	53666.6	48288.1	56.4	7.3
114	58.6	0.08	53666.6	48289.4	56.4	7.3
115	59.1	0.19	53666.6	48287.9	56.4	7.3
116	59.7	0.05	53666.5	48288.0	56.4	7.3
117	60.4	0.03	53666.5	48287.3	56.4	7.3
118	61.2	0.04	53666.5	48286.3	56.4	7.3
119	61.9	0.06	53666.5	48285.4	56.4	7.3
120	62.7	0.13	53666.5	48284.1	56.5	7.3
121	63.2	0.07	53666.4	48284.7	56.5	7.3
122	63.7	0.06	53666.4	48286.3	56.5	7.3
123	64.2	0.05	53666.4	48287.0	56.5	7.3
124	65.0	0.11	53666.4	48287.2	56.5	7.3
125	65.6	0.03	53666.4	48287.0	56.5	7.3
126	66.3	0.03	53666.4	48286.8	56.5	7.3
127	67.2	0.05	53666.3	48286.4	56.5	7.3
128	67.8	0.07	53666.3	48286.6	56.6	7.3
129	68.2	0.13	53666.3	48286.8	56.6	7.3
130	68.7	0.05	53666.3	48287.3	56.6	7.3
131	69.2	0.04	53666.3	48287.6	56.6	7.3
132	69.7	0.03	53666.3	48287.4	56.6	7.3
133	70.2	0.05	53666.3	48286.9	56.6	7.3
134	70.9	0.04	53666.3	48286.5	56.6	7.3
135	71.6	0.05	53666.2	48285.4	56.6	7.3
136	72.4	0.05	53666.2	48285.0	56.6	7.3
137	73.1	0.10	53666.2	48286.0	56.7	7.3
138	73.8	0.07	53666.2	48286.8	56.7	7.3
139	74.6	0.03	53666.2	48287.1	56.7	7.3
140	75.0	0.03	53666.2	48287.3	56.7	7.3
141	75.6	0.04	53666.2	48287.3	56.7	7.3
142	76.1	0.07	53666.2	48286.5	56.7	7.3
143	76.8	0.07	53666.1	48284.9	56.8	7.3
144	77.4	0.06	53666.1	48284.3	56.8	7.3
145	78.0	0.04	53666.1	48284.7	56.8	7.3
146	78.6	0.03	53666.1	48285.6	56.8	7.3
147	79.3	0.02	53666.1	48286.1	56.8	7.3
148	79.8	0.03	53666.1	48288.0	56.8	7.3
149	80.4	0.05	53666.1	48289.3	56.8	7.3
150	80.8	0.10	53666.1	48290.4	56.9	7.3
151	81.3	0.05	53666.1	48289.3	56.9	7.3
152	81.9	0.02	53666.0	48287.3	56.9	7.3
153	82.9	0.02	53666.0	48285.6	56.9	7.3
154	83.5	0.03	53666.0	48285.2	57.0	7.3
155	84.1	0.02	53666.0	48285.4	57.0	7.3
156	84.6	0.05	53666.0	48288.0	57.0	7.3
157	85.2	0.08	53666.0	48288.2	57.0	7.3
158	85.7	0.05	53666.0	48288.0	57.0	7.3
159	86.3	0.02	53666.0	48286.4	57.1	7.3
160	86.8	0.02	53666.0	48285.7	57.1	7.3
161	87.4	0.04	53666.0	48284.6	57.1	7.3
162	88.1	0.02	53666.0	48284.7	57.1	7.3
163	88.7	0.03	53666.0	48285.1	57.1	7.3
164	89.2	0.04	53666.0	48285.8	57.1	7.3
165	89.8	0.05	53666.0	48286.3	57.1	7.3
166	90.8	0.06	53666.0	48286.3	57.2	7.3
167	91.3	0.03	53666.0	48286.1	57.2	7.3
168	91.9	0.01	53666.0	48285.8	57.2	7.3
169	92.3	0.02	53666.0	48285.7	57.2	7.3
170	92.8	0.02	53666.0	48285.5	57.2	7.3
171	93.3	0.04	53666.0	48285.5	57.2	7.3
172	93.7	0.05	53665.9	48285.4	57.3	7.3
173	94.4	0.03	53665.9	48285.5	57.3	7.3
174	95.1	0.02	53665.9	48285.8	57.3	7.3
175	95.6	0.03	53665.9	48285.9	57.3	7.3
176	96.1	0.01	53665.9	48285.8	57.3	7.3
177	96.5	0.01	53665.9	48285.8	57.3	7.3
178	97.0	0.02	53665.9	48285.5	57.3	7.3
179	97.6	0.03	53665.9	48285.4	57.4	7.3
180	98.1	0.04	53665.9	48285.5	57.4	7.3
181	98.5	0.04	53665.9	48285.5	57.4	7.3
182	98.8	0.02	53665.9	48285.6	57.4	7.3
183	99.3	0.01	53665.9	48285.6	57.4	7.3
184	99.9	0.01	53665.9	48285.5	57.4	7.3
185	100.5	0.02	53665.9	48284.7	57.5	7.3
186	101.3	0.04	53665.9	48284.0	57.5	7.3
187	101.9	0.03	53665.9	48283.8	57.5	7.3
188	102.2	0.02	53665.9	48284.0	57.5	7.3
189	102.6	0.02	53665.9	48284.8	57.5	7.3
190	103.0	0.01	53665.9	48285.4	57.5	7.3
191	104.1	0.01	53665.9	48285.6	57.5	7.3
192	104.9	0.01	53665.9	48285.8	57.5	7.3
193	105.4	0.02	53665.9	48285.9	57.5	7.3
194	105.8	0.02	53665.9	48285.8	57.5	7.3
195	106.7	0.03	53665.9	48285.7	57.6	7.3
196	107.4	0.02	53665.9	48285.3	57.6	7.3
197	108.0	0.01	53665.9	48285.2	57.6	7.3
198	108.6	0.01	53665.9	48285.3	57.6	7.3
199	109.1	0.01	53665.9	48285.4	57.6	7.3
200	109.6	0.01	53665.9	48285.6	57.6	7.3
201	110.0	0.01	53665.9	48286.0	57.6	7.3
202	110.7	0.02	53665.9	48286.2	57.6	7.3
203	111.6	0.03	53665.9	48286.2	57.6	7.3
204	112.1	0.01	53665.9	48285.8	57.6	7.3
205	112.6	0.01	53665.9	48285.4	57.6	7.3
206	113.2	0.01	53665.9	48285.2	57.6	7.3
207	113.9	0.01	53665.9	48285.1	57.6	7.3
208	114.6	0.01	53665.9	48285.0	57.6	7.3
209	115.1	0.01	53665.9	48284.9	57.6	7.3
210	115.7	0.02	53665.9	48285.0	57.6	7.3
211	116.2	0.01	53665.9	48285.1	57.6	7.3
212	116.8	0.01	53665.9	48285.3	57.6	7.3
213	117.4	0.01	53665.9	48285.3	57.6	7.3
214	118.0	0.00	53665.9	48285.3	57.6	7.3
215	118.7	0.01	53665.9	48285.3	57.6	7.3
216	119.2	0.01	53665.9	48285.4	57.6	7.3
217	120.0	0.01	53665.9	48285.4	57.6	7.3
218	120.5	0.02	53665.9	48285.3	57.6	7.3
219	121.1	0.01	53665.9	48285.3	57.6	7.3
220	121.7	0.00	53665.9	48285.2	57.6	7.3
221	122.5	0.00	53665.9	48285.2	57.6	7.3
222	122.9	0.01	53665.9	48285.2	57.7	7.3
223	123.4	0.01	53665.9	48285.3	57.7	7.3
224	123.9	0.01	53665.9	48285.3	57.7	7.3
225	125.0	0.01	53665.9	48285.4	57.7	7.3
226	125.5	0.01	53665.9	48285.4	57.7	7.3
227	125.9	0.00	53665.9	48285.3	57.7	7.3
228	126.4	0.00	53665.9	48285.2	57.7	7.3
229	126.9	0.00	53665.9	48285.1	57.7	7.3
230	127.5	0.01	53665.9	48285.0	57.7	7.3
231	128.0	0.01	53665.9	48285.0	57.7	7.3
232	128.5	0.00	53665.9	48285.1	57.7	7.3
233	129.0	0.01	53665.9	48285.2	57.7	7.3
234	129.5	0.00	53665.9	48285.3	57.7	7.3
235	130.4	0.00	53665.9	48285.3	57.7	7.3
236	131.0	0.00	53665.9	48285.3	57.7	7.3
237	131.5	0.01	53665.9	48285.3	57.7	7.3
238	132.2	0.01	53665.9	48285.3	57.7	7.3
239	132.8	0.01	53665.9	48285.1	57.7	7.3
240	133.4	0.01	53665.9	48285.1	57.7	7.3
241	133.8	0.00	53665.9	48285.1	57.7	7.3
242	134.4	0.00	53665.9	48285.2	57.7	7.3
243	135.2	0.00	53665.9	48285.2	57.7	7.3
244	135.6	0.01	53665.9	48285.3	57.7	7.3
245	136.2	0.01	53665.9	48285.3	57.7	7.3
246	136.8	0.01	53665.9	48285.4	57.7	7.3
247	137.5	0.01	53665.9	48285.3	57.7	7.3
248	138.0	0.00	53665.9	48285.3	57.7	7.3
249	138.5	0.00	53665.9	48285.2	57.7	7.3
250	139.0	0.00	53665.9	48285.1	57.7	7.3
251	139.5	0.00	53665.9	48285.0	57.7	7.3
252	140.1	0.00	53665.9	48285.0	57.7	7.3
253	140.7	0.00	53665.9	48285.0	57.7	7.3
254	141.5	0.00	53665.9	48285.1	57.7	7.3
255	142.0	0.00	53665.9	48285.2	57.7	7.3
256	142.6	0.00	53665.9	48285.3	57.7	7.3
257	143.3	0.00	53665.9	48285.4	57.7	7.3
258	143.8	0.00	53665.9	48285.3	57.7	7.3
259	144.3	0.00	53665.9	48285.3	57.7	7.3
260	144.9	0.00	53665.9	48285.1	57.7	7.3
261	145.8	0.00	53665.9	48285.1	57.7	7.3
262	146.3	0.00	53665.9	48285.1	57.7	7.3
263	146.8	0.00	53665.9	48285.2	57.7	7.3
264	147.3	0.00	53665.9	48285.2	57.7	7.3
265	148.0	0.00	53665.9	48285.3	57.7	7.3
266	148.6	0.01	53665.9	48285.4	57.7	7.3
267	149.2	0.00	53665.9	48285.3	57.7	7.3
268	149.7	0.00	53665.9	48285.2	57.7	7.3
269	150.3	0.00	53665.9	48285.2	57.7	7.3
270	151.4	0.00	53665.9	48285.1	57.7	7.3
271	151.8	0.00	53665.9	48285.1	57.7	7.3
272	152.3	0.00	53665.9	48285.1	57.7	7.3
273	153.0	0.00	53665.9	48285.2	57.7	7.3
274	153.5	0.00	53665.9	48285.2	57.7	7.3
275	153.9	0.00	53665.9	48285.3	57.7	7.3
276	154.4	0.00	53665.9	48285.2	57.7	7.3
277	155.1	0.00	53665.9	48285.2	57.7	7.3
278	155.7	0.00	53665.9	48285.2	57.7	7.3
279	156.2	0.00	53665.9	48285.2	57.7	7.3
280	156.8	0.00	53665.9	48285.1	57.7	7.3
281	157.5	0.00	53665.9	48285.1	57.7	7.3
282	158.1	0.00	53665.9	48285.1	57.7	7.3
283	158.6	0.00	53665.9	48285.1	57.7	7.3
284	159.2	0.00	53665.9	48285.2	57.7	7.3
285	159.8	0.00	53665.9	48285.2	57.7	7.3
286	160.4	0.00	53665.9	48285.2	57.7	7.3
287	160.8	0.00	53665.9	48285.2	57.7	7.3
288	161.3	0.00	53665.9	48285.2	57.7	7.3
289	161.9	0.00	53665.9	48285.1	57.7	7.3
290	162.5	0.00	53665.9	48285.1	57.7	7.3
291	162.9	0.00	53665.9	48285.1	57.7	7.3
292	163.5	0.00	53665.9	48285.1	57.7	7.3
293	164.1	0.00	53665.9	48285.2	57.7	7.3
294	164.7	0.00	53665.9	48285.2	57.7	7.3
295	165.2	0.00	53665.9	48285.2	57.7	7.3
296	166.0	0.00	53665.9	48285.2	57.7	7.3
297	166.6	0.00	53665.9	48285.2	57.7	7.3
298	167.4	0.00	53665.9	48285.2	57.7	7.3
299	168.2	0.00	53665.9	48285.1	57.7	7.3
300	168.9	0.00	53665.9	48285.1	57.7	7.3
301	169.5	0.00	53665.9	48285.1	57.7	7.3
302	170.0	0.00	53665.9	48285.1	57.7	7.3
303	170.4	0.00	53665.9	48285.1	57.7	7.3
304	170.8	0.00	53665.9	48285.2	57.7	7.3
305	171.3	0.00	53665.9	48285.2	57.7	7.3
306	172.0	0.00	53665.9	48285.2	57.7	7.3
Gradient optimization: Minimization success
